CRITICAL - 2023-09-13 09:27:58 --> join(): Invalid arguments passed
#0 [internal function]: CodeIgniter\Debug\Exceptions->errorHandler(2, 'join(): Invalid...', 'C:\\xampp\\htdocs...', 329, Array)
#1 C:\xampp\htdocs\spp\app\Models\M_model.php(329): join('user', 'siswa.maker_sis...')
#2 C:\xampp\htdocs\spp\app\Controllers\Home.php(776): App\Models\M_model->addsiswaOderBy('siswa', 'kelas', 'jurusan', 'rombel', 'paket', 'user', 'siswa.id_kelas_...', 'siswa.id_jurusa...', 'siswa.id_rombel...', 'siswa.id_paket_...', 'siswa.maker_sis...', 'tanggal_siswa')
#3 C:\xampp\htdocs\spp\system\CodeIgniter.php(832): App\Controllers\Home->add_students()
#4 C:\xampp\htdocs\spp\system\CodeIgniter.php(419): CodeIgniter\CodeIgniter->runController(Object(App\Controllers\Home))
#5 C:\xampp\htdocs\spp\system\CodeIgniter.php(326): CodeIgniter\CodeIgniter->handleRequest(NULL, Object(Config\Cache), false)
#6 C:\xampp\htdocs\spp\public\index.php(37): CodeIgniter\CodeIgniter->run()
#7 C:\xampp\htdocs\spp\system\Commands\Server\rewrite.php(43): require_once('C:\\xampp\\htdocs...')
#8 {main}
ERROR - 2023-09-13 09:29:25 --> Unknown column 'siswa.id_paket_spp' in 'on clause'
CRITICAL - 2023-09-13 09:29:25 --> Call to a member function getResult() on bool
#0 C:\xampp\htdocs\spp\app\Controllers\Home.php(776): App\Models\M_model->addsiswaOderBy('siswa', 'kelas', 'jurusan', 'rombel', 'paket', 'user', 'siswa.id_kelas_...', 'siswa.id_jurusa...', 'siswa.id_rombel...', 'siswa.id_paket_...', 'siswa.maker_sis...', 'tanggal_siswa')
#1 C:\xampp\htdocs\spp\system\CodeIgniter.php(832): App\Controllers\Home->add_students()
#2 C:\xampp\htdocs\spp\system\CodeIgniter.php(419): CodeIgniter\CodeIgniter->runController(Object(App\Controllers\Home))
#3 C:\xampp\htdocs\spp\system\CodeIgniter.php(326): CodeIgniter\CodeIgniter->handleRequest(NULL, Object(Config\Cache), false)
#4 C:\xampp\htdocs\spp\public\index.php(37): CodeIgniter\CodeIgniter->run()
#5 C:\xampp\htdocs\spp\system\Commands\Server\rewrite.php(43): require_once('C:\\xampp\\htdocs...')
#6 {main}
ERROR - 2023-09-13 09:31:36 --> Unknown column 'siswa.id_paket_spp' in 'on clause'
CRITICAL - 2023-09-13 09:31:36 --> Call to a member function getResult() on bool
#0 C:\xampp\htdocs\spp\app\Controllers\Home.php(776): App\Models\M_model->addsiswaOderBy('siswa', 'kelas', 'jurusan', 'rombel', 'paket', 'user', 'siswa.id_kelas_...', 'siswa.id_jurusa...', 'siswa.id_rombel...', 'siswa.id_paket_...', 'siswa.maker_sis...', 'tanggal_siswa')
#1 C:\xampp\htdocs\spp\system\CodeIgniter.php(832): App\Controllers\Home->add_students()
#2 C:\xampp\htdocs\spp\system\CodeIgniter.php(419): CodeIgniter\CodeIgniter->runController(Object(App\Controllers\Home))
#3 C:\xampp\htdocs\spp\system\CodeIgniter.php(326): CodeIgniter\CodeIgniter->handleRequest(NULL, Object(Config\Cache), false)
#4 C:\xampp\htdocs\spp\public\index.php(37): CodeIgniter\CodeIgniter->run()
#5 C:\xampp\htdocs\spp\system\Commands\Server\rewrite.php(43): require_once('C:\\xampp\\htdocs...')
#6 {main}
ERROR - 2023-09-13 09:32:13 --> Unknown column 'siswa.id_paket_spp' in 'on clause'
CRITICAL - 2023-09-13 09:32:13 --> Call to a member function getResult() on bool
#0 C:\xampp\htdocs\spp\app\Controllers\Home.php(776): App\Models\M_model->addsiswaOderBy('siswa', 'kelas', 'jurusan', 'rombel', 'paket', 'user', 'siswa.id_kelas_...', 'siswa.id_jurusa...', 'siswa.id_rombel...', 'siswa.id_paket_...', 'siswa.maker_sis...', 'tanggal_siswa')
#1 C:\xampp\htdocs\spp\system\CodeIgniter.php(832): App\Controllers\Home->add_students()
#2 C:\xampp\htdocs\spp\system\CodeIgniter.php(419): CodeIgniter\CodeIgniter->runController(Object(App\Controllers\Home))
#3 C:\xampp\htdocs\spp\system\CodeIgniter.php(326): CodeIgniter\CodeIgniter->handleRequest(NULL, Object(Config\Cache), false)
#4 C:\xampp\htdocs\spp\public\index.php(37): CodeIgniter\CodeIgniter->run()
#5 C:\xampp\htdocs\spp\system\Commands\Server\rewrite.php(43): require_once('C:\\xampp\\htdocs...')
#6 {main}
ERROR - 2023-09-13 09:32:17 --> Unknown column 'siswa.id_paket_spp' in 'on clause'
CRITICAL - 2023-09-13 09:32:17 --> Call to a member function getResult() on bool
#0 C:\xampp\htdocs\spp\app\Controllers\Home.php(776): App\Models\M_model->addsiswaOderBy('siswa', 'kelas', 'jurusan', 'rombel', 'paket', 'user', 'siswa.id_kelas_...', 'siswa.id_jurusa...', 'siswa.id_rombel...', 'siswa.id_paket_...', 'siswa.maker_sis...', 'tanggal_siswa')
#1 C:\xampp\htdocs\spp\system\CodeIgniter.php(832): App\Controllers\Home->add_students()
#2 C:\xampp\htdocs\spp\system\CodeIgniter.php(419): CodeIgniter\CodeIgniter->runController(Object(App\Controllers\Home))
#3 C:\xampp\htdocs\spp\system\CodeIgniter.php(326): CodeIgniter\CodeIgniter->handleRequest(NULL, Object(Config\Cache), false)
#4 C:\xampp\htdocs\spp\public\index.php(37): CodeIgniter\CodeIgniter->run()
#5 C:\xampp\htdocs\spp\system\Commands\Server\rewrite.php(43): require_once('C:\\xampp\\htdocs...')
#6 {main}
ERROR - 2023-09-13 09:33:42 --> Unknown column 'siswa.id_paket_spp' in 'on clause'
CRITICAL - 2023-09-13 09:33:42 --> Call to a member function getResult() on bool
#0 C:\xampp\htdocs\spp\app\Controllers\Home.php(776): App\Models\M_model->addsiswaOderBy('siswa', 'kelas', 'jurusan', 'rombel', 'paket', 'user', 'siswa.id_kelas_...', 'siswa.id_jurusa...', 'siswa.id_rombel...', 'siswa.id_paket_...', 'siswa.maker_sis...', 'tanggal_siswa')
#1 C:\xampp\htdocs\spp\system\CodeIgniter.php(832): App\Controllers\Home->add_students()
#2 C:\xampp\htdocs\spp\system\CodeIgniter.php(419): CodeIgniter\CodeIgniter->runController(Object(App\Controllers\Home))
#3 C:\xampp\htdocs\spp\system\CodeIgniter.php(326): CodeIgniter\CodeIgniter->handleRequest(NULL, Object(Config\Cache), false)
#4 C:\xampp\htdocs\spp\public\index.php(37): CodeIgniter\CodeIgniter->run()
#5 C:\xampp\htdocs\spp\system\Commands\Server\rewrite.php(43): require_once('C:\\xampp\\htdocs...')
#6 {main}
ERROR - 2023-09-13 09:33:56 --> Unknown column 'siswa.id_paket_spp' in 'on clause'
CRITICAL - 2023-09-13 09:33:56 --> Call to a member function getResult() on bool
#0 C:\xampp\htdocs\spp\app\Controllers\Home.php(776): App\Models\M_model->addsiswaOderBy('siswa', 'kelas', 'jurusan', 'rombel', 'paket', 'user', 'siswa.id_kelas_...', 'siswa.id_jurusa...', 'siswa.id_rombel...', 'siswa.id_paket_...', 'siswa.maker_sis...', 'tanggal_siswa')
#1 C:\xampp\htdocs\spp\system\CodeIgniter.php(832): App\Controllers\Home->add_students()
#2 C:\xampp\htdocs\spp\system\CodeIgniter.php(419): CodeIgniter\CodeIgniter->runController(Object(App\Controllers\Home))
#3 C:\xampp\htdocs\spp\system\CodeIgniter.php(326): CodeIgniter\CodeIgniter->handleRequest(NULL, Object(Config\Cache), false)
#4 C:\xampp\htdocs\spp\public\index.php(37): CodeIgniter\CodeIgniter->run()
#5 C:\xampp\htdocs\spp\system\Commands\Server\rewrite.php(43): require_once('C:\\xampp\\htdocs...')
#6 {main}
CRITICAL - 2023-09-13 09:39:47 --> Too few arguments to function App\Models\M_model::edit_siswa_siswa(), 11 passed in C:\xampp\htdocs\spp\app\Controllers\Home.php on line 894 and exactly 12 expected
#0 C:\xampp\htdocs\spp\app\Controllers\Home.php(894): App\Models\M_model->edit_siswa_siswa('siswa', 'kelas', 'jurusan', 'rombel', 'paket', 'user', 'siswa.id_kelas_...', 'siswa.id_jurusa...', 'siswa.id_rombel...', 'siswa.id_paket_...', Array)
#1 C:\xampp\htdocs\spp\system\CodeIgniter.php(832): App\Controllers\Home->edit_students('48')
#2 C:\xampp\htdocs\spp\system\CodeIgniter.php(419): CodeIgniter\CodeIgniter->runController(Object(App\Controllers\Home))
#3 C:\xampp\htdocs\spp\system\CodeIgniter.php(326): CodeIgniter\CodeIgniter->handleRequest(NULL, Object(Config\Cache), false)
#4 C:\xampp\htdocs\spp\public\index.php(37): CodeIgniter\CodeIgniter->run()
#5 C:\xampp\htdocs\spp\system\Commands\Server\rewrite.php(43): require_once('C:\\xampp\\htdocs...')
#6 {main}
ERROR - 2023-09-13 22:53:06 --> Failed to read auto-increment value from storage engine
ERROR - 2023-09-13 22:53:06 --> Column 'id_user_siswa' cannot be null
ERROR - 2023-09-13 22:54:22 --> Failed to read auto-increment value from storage engine
ERROR - 2023-09-13 22:54:22 --> Column 'id_user_siswa' cannot be null
ERROR - 2023-09-13 22:56:14 --> Failed to read auto-increment value from storage engine
ERROR - 2023-09-13 22:56:22 --> Failed to read auto-increment value from storage engine
ERROR - 2023-09-13 22:57:18 --> Failed to read auto-increment value from storage engine
ERROR - 2023-09-13 23:00:47 --> Failed to read auto-increment value from storage engine
ERROR - 2023-09-13 23:04:16 --> Failed to read auto-increment value from storage engine
ERROR - 2023-09-13 23:04:16 --> Column 'id_user_siswa' cannot be null
ERROR - 2023-09-13 23:04:50 --> Failed to read auto-increment value from storage engine
ERROR - 2023-09-13 23:04:50 --> Column 'id_user_siswa' cannot be null
ERROR - 2023-09-13 23:06:05 --> Failed to read auto-increment value from storage engine
ERROR - 2023-09-13 23:10:19 --> Failed to read auto-increment value from storage engine
ERROR - 2023-09-13 23:11:02 --> Failed to read auto-increment value from storage engine
ERROR - 2023-09-13 23:12:26 --> Failed to read auto-increment value from storage engine
ERROR - 2023-09-13 23:27:35 --> Unknown column 'maker_spp' in 'field list'
ERROR - 2023-09-13 23:27:50 --> Unknown column 'maker_spp' in 'field list'
ERROR - 2023-09-13 23:28:45 --> Unknown column 'maker_spp' in 'field list'
ERROR - 2023-09-13 23:28:56 --> Unknown column 'spp.maker_spp' in 'on clause'
CRITICAL - 2023-09-13 23:28:56 --> Call to a member function getRow() on bool
#0 C:\xampp\htdocs\spp\app\Controllers\Home.php(1706): App\Models\M_model->edit_invoice('spp', 'siswa', 'paket', 'user', 'spp.id_siswa_sp...', 'spp.id_paket_sp...', 'spp.maker_spp=u...', Array)
#1 C:\xampp\htdocs\spp\system\CodeIgniter.php(832): App\Controllers\Home->edit_invoice('144')
#2 C:\xampp\htdocs\spp\system\CodeIgniter.php(419): CodeIgniter\CodeIgniter->runController(Object(App\Controllers\Home))
#3 C:\xampp\htdocs\spp\system\CodeIgniter.php(326): CodeIgniter\CodeIgniter->handleRequest(NULL, Object(Config\Cache), false)
#4 C:\xampp\htdocs\spp\public\index.php(37): CodeIgniter\CodeIgniter->run()
#5 C:\xampp\htdocs\spp\system\Commands\Server\rewrite.php(43): require_once('C:\\xampp\\htdocs...')
#6 {main}
ERROR - 2023-09-13 23:33:15 --> Unknown column 'maker_spp' in 'field list'
ERROR - 2023-09-13 23:34:28 --> Unknown column 'maker_spp' in 'field list'
ERROR - 2023-09-13 23:34:56 --> Unknown column 'maker_spp' in 'field list'
ERROR - 2023-09-13 23:35:28 --> Unknown column 'id_user' in 'field list'
ERROR - 2023-09-13 23:36:33 --> Unknown column 'id_user' in 'field list'
ERROR - 2023-09-13 23:37:32 --> Unknown column 'id_user' in 'field list'
ERROR - 2023-09-13 23:38:04 --> Unknown column 'id_user' in 'field list'
ERROR - 2023-09-13 23:40:35 --> Unknown column 'id_user' in 'field list'
ERROR - 2023-09-13 23:41:27 --> Unknown column 'id_user' in 'field list'
ERROR - 2023-09-13 23:52:10 --> Unknown column 'id_user_log' in 'field list'
ERROR - 2023-09-13 23:52:45 --> Unknown column 'id_user_log' in 'field list'
ERROR - 2023-09-13 23:52:58 --> Unknown column 'id_user_log' in 'field list'
