CRITICAL - 2023-08-30 00:03:43 --> Too few arguments to function App\Models\M_model::edit_siswa(), 10 passed in C:\xampp\htdocs\spp\app\Controllers\Home.php on line 756 and exactly 12 expected
#0 C:\xampp\htdocs\spp\app\Controllers\Home.php(756): App\Models\M_model->edit_siswa('siswa', 'kelas', 'jurusan', 'rombel', 'user', 'siswa.id_kelas_...', 'siswa.id_jurusa...', 'siswa.id_rombel...', 'siswa.id_user_s...', Array)
#1 C:\xampp\htdocs\spp\system\CodeIgniter.php(832): App\Controllers\Home->edit_students('33')
#2 C:\xampp\htdocs\spp\system\CodeIgniter.php(419): CodeIgniter\CodeIgniter->runController(Object(App\Controllers\Home))
#3 C:\xampp\htdocs\spp\system\CodeIgniter.php(326): CodeIgniter\CodeIgniter->handleRequest(NULL, Object(Config\Cache), false)
#4 C:\xampp\htdocs\spp\public\index.php(37): CodeIgniter\CodeIgniter->run()
#5 C:\xampp\htdocs\spp\system\Commands\Server\rewrite.php(43): require_once('C:\\xampp\\htdocs...')
#6 {main}
CRITICAL - 2023-08-30 01:18:56 --> Invalid argument supplied for foreach()
#0 C:\xampp\htdocs\spp\app\Views\invoice_spp\edit\edit_invoice.php(16): CodeIgniter\Debug\Exceptions->errorHandler(2, 'Invalid argumen...', 'C:\\xampp\\htdocs...', 16, Array)
#1 C:\xampp\htdocs\spp\system\View\View.php(210): include('C:\\xampp\\htdocs...')
#2 C:\xampp\htdocs\spp\system\View\View.php(213): CodeIgniter\View\View->CodeIgniter\View\{closure}()
#3 C:\xampp\htdocs\spp\system\Common.php(1089): CodeIgniter\View\View->render('invoice_spp/edi...', Array, true)
#4 C:\xampp\htdocs\spp\app\Controllers\Home.php(1463): view('invoice_spp/edi...')
#5 C:\xampp\htdocs\spp\system\CodeIgniter.php(832): App\Controllers\Home->edit_invoice('29')
#6 C:\xampp\htdocs\spp\system\CodeIgniter.php(419): CodeIgniter\CodeIgniter->runController(Object(App\Controllers\Home))
#7 C:\xampp\htdocs\spp\system\CodeIgniter.php(326): CodeIgniter\CodeIgniter->handleRequest(NULL, Object(Config\Cache), false)
#8 C:\xampp\htdocs\spp\public\index.php(37): CodeIgniter\CodeIgniter->run()
#9 C:\xampp\htdocs\spp\system\Commands\Server\rewrite.php(43): require_once('C:\\xampp\\htdocs...')
#10 {main}
CRITICAL - 2023-08-30 01:50:37 --> syntax error, unexpected 'echo' (T_ECHO)
#0 C:\xampp\htdocs\spp\system\View\View.php(213): CodeIgniter\View\View->CodeIgniter\View\{closure}()
#1 C:\xampp\htdocs\spp\system\Common.php(1089): CodeIgniter\View\View->render('invoice_spp/vie...', Array, true)
#2 C:\xampp\htdocs\spp\app\Controllers\Home.php(1270): view('invoice_spp/vie...')
#3 C:\xampp\htdocs\spp\system\CodeIgniter.php(832): App\Controllers\Home->invoice()
#4 C:\xampp\htdocs\spp\system\CodeIgniter.php(419): CodeIgniter\CodeIgniter->runController(Object(App\Controllers\Home))
#5 C:\xampp\htdocs\spp\system\CodeIgniter.php(326): CodeIgniter\CodeIgniter->handleRequest(NULL, Object(Config\Cache), false)
#6 C:\xampp\htdocs\spp\public\index.php(37): CodeIgniter\CodeIgniter->run()
#7 C:\xampp\htdocs\spp\system\Commands\Server\rewrite.php(43): require_once('C:\\xampp\\htdocs...')
#8 {main}
CRITICAL - 2023-08-30 02:00:58 --> Too few arguments to function App\Models\M_model::superData(), 6 passed in C:\xampp\htdocs\spp\app\Controllers\Home.php on line 1259 and exactly 7 expected
#0 C:\xampp\htdocs\spp\app\Controllers\Home.php(1259): App\Models\M_model->superData('spp', 'siswa', 'user', 'spp.id_siswa_sp...', 'spp.maker_spp=u...', 'tgl_spp')
#1 C:\xampp\htdocs\spp\system\CodeIgniter.php(832): App\Controllers\Home->invoice()
#2 C:\xampp\htdocs\spp\system\CodeIgniter.php(419): CodeIgniter\CodeIgniter->runController(Object(App\Controllers\Home))
#3 C:\xampp\htdocs\spp\system\CodeIgniter.php(326): CodeIgniter\CodeIgniter->handleRequest(NULL, Object(Config\Cache), false)
#4 C:\xampp\htdocs\spp\public\index.php(37): CodeIgniter\CodeIgniter->run()
#5 C:\xampp\htdocs\spp\system\Commands\Server\rewrite.php(43): require_once('C:\\xampp\\htdocs...')
#6 {main}
CRITICAL - 2023-08-30 02:09:38 --> A non-numeric value encountered
#0 C:\xampp\htdocs\spp\app\Views\laporan\c_invoice.php(32): CodeIgniter\Debug\Exceptions->errorHandler(2, 'A non-numeric v...', 'C:\\xampp\\htdocs...', 32, Array)
#1 C:\xampp\htdocs\spp\system\View\View.php(210): include('C:\\xampp\\htdocs...')
#2 C:\xampp\htdocs\spp\system\View\View.php(213): CodeIgniter\View\View->CodeIgniter\View\{closure}()
#3 C:\xampp\htdocs\spp\system\Common.php(1089): CodeIgniter\View\View->render('laporan/c_invoi...', Array, true)
#4 C:\xampp\htdocs\spp\app\Controllers\Home.php(1891): view('laporan/c_invoi...', Array)
#5 C:\xampp\htdocs\spp\system\CodeIgniter.php(832): App\Controllers\Home->cari_invoice()
#6 C:\xampp\htdocs\spp\system\CodeIgniter.php(419): CodeIgniter\CodeIgniter->runController(Object(App\Controllers\Home))
#7 C:\xampp\htdocs\spp\system\CodeIgniter.php(326): CodeIgniter\CodeIgniter->handleRequest(NULL, Object(Config\Cache), false)
#8 C:\xampp\htdocs\spp\public\index.php(37): CodeIgniter\CodeIgniter->run()
#9 C:\xampp\htdocs\spp\system\Commands\Server\rewrite.php(43): require_once('C:\\xampp\\htdocs...')
#10 {main}
CRITICAL - 2023-08-30 02:11:14 --> A non-numeric value encountered
#0 C:\xampp\htdocs\spp\app\Views\laporan\c_invoice.php(32): CodeIgniter\Debug\Exceptions->errorHandler(2, 'A non-numeric v...', 'C:\\xampp\\htdocs...', 32, Array)
#1 C:\xampp\htdocs\spp\system\View\View.php(210): include('C:\\xampp\\htdocs...')
#2 C:\xampp\htdocs\spp\system\View\View.php(213): CodeIgniter\View\View->CodeIgniter\View\{closure}()
#3 C:\xampp\htdocs\spp\system\Common.php(1089): CodeIgniter\View\View->render('laporan/c_invoi...', Array, true)
#4 C:\xampp\htdocs\spp\app\Controllers\Home.php(1891): view('laporan/c_invoi...', Array)
#5 C:\xampp\htdocs\spp\system\CodeIgniter.php(832): App\Controllers\Home->cari_invoice()
#6 C:\xampp\htdocs\spp\system\CodeIgniter.php(419): CodeIgniter\CodeIgniter->runController(Object(App\Controllers\Home))
#7 C:\xampp\htdocs\spp\system\CodeIgniter.php(326): CodeIgniter\CodeIgniter->handleRequest(NULL, Object(Config\Cache), false)
#8 C:\xampp\htdocs\spp\public\index.php(37): CodeIgniter\CodeIgniter->run()
#9 C:\xampp\htdocs\spp\system\Commands\Server\rewrite.php(43): require_once('C:\\xampp\\htdocs...')
#10 {main}
CRITICAL - 2023-08-30 02:11:52 --> A non-numeric value encountered
#0 C:\xampp\htdocs\spp\app\Views\laporan\c_invoice.php(32): CodeIgniter\Debug\Exceptions->errorHandler(2, 'A non-numeric v...', 'C:\\xampp\\htdocs...', 32, Array)
#1 C:\xampp\htdocs\spp\system\View\View.php(210): include('C:\\xampp\\htdocs...')
#2 C:\xampp\htdocs\spp\system\View\View.php(213): CodeIgniter\View\View->CodeIgniter\View\{closure}()
#3 C:\xampp\htdocs\spp\system\Common.php(1089): CodeIgniter\View\View->render('laporan/c_invoi...', Array, true)
#4 C:\xampp\htdocs\spp\app\Controllers\Home.php(1891): view('laporan/c_invoi...', Array)
#5 C:\xampp\htdocs\spp\system\CodeIgniter.php(832): App\Controllers\Home->cari_invoice()
#6 C:\xampp\htdocs\spp\system\CodeIgniter.php(419): CodeIgniter\CodeIgniter->runController(Object(App\Controllers\Home))
#7 C:\xampp\htdocs\spp\system\CodeIgniter.php(326): CodeIgniter\CodeIgniter->handleRequest(NULL, Object(Config\Cache), false)
#8 C:\xampp\htdocs\spp\public\index.php(37): CodeIgniter\CodeIgniter->run()
#9 C:\xampp\htdocs\spp\system\Commands\Server\rewrite.php(43): require_once('C:\\xampp\\htdocs...')
#10 {main}
CRITICAL - 2023-08-30 02:12:03 --> A non-numeric value encountered
#0 C:\xampp\htdocs\spp\app\Views\laporan\c_invoice.php(32): CodeIgniter\Debug\Exceptions->errorHandler(2, 'A non-numeric v...', 'C:\\xampp\\htdocs...', 32, Array)
#1 C:\xampp\htdocs\spp\system\View\View.php(210): include('C:\\xampp\\htdocs...')
#2 C:\xampp\htdocs\spp\system\View\View.php(213): CodeIgniter\View\View->CodeIgniter\View\{closure}()
#3 C:\xampp\htdocs\spp\system\Common.php(1089): CodeIgniter\View\View->render('laporan/c_invoi...', Array, true)
#4 C:\xampp\htdocs\spp\app\Controllers\Home.php(1891): view('laporan/c_invoi...', Array)
#5 C:\xampp\htdocs\spp\system\CodeIgniter.php(832): App\Controllers\Home->cari_invoice()
#6 C:\xampp\htdocs\spp\system\CodeIgniter.php(419): CodeIgniter\CodeIgniter->runController(Object(App\Controllers\Home))
#7 C:\xampp\htdocs\spp\system\CodeIgniter.php(326): CodeIgniter\CodeIgniter->handleRequest(NULL, Object(Config\Cache), false)
#8 C:\xampp\htdocs\spp\public\index.php(37): CodeIgniter\CodeIgniter->run()
#9 C:\xampp\htdocs\spp\system\Commands\Server\rewrite.php(43): require_once('C:\\xampp\\htdocs...')
#10 {main}
CRITICAL - 2023-08-30 02:12:12 --> A non-numeric value encountered
#0 C:\xampp\htdocs\spp\app\Views\laporan\c_invoice.php(32): CodeIgniter\Debug\Exceptions->errorHandler(2, 'A non-numeric v...', 'C:\\xampp\\htdocs...', 32, Array)
#1 C:\xampp\htdocs\spp\system\View\View.php(210): include('C:\\xampp\\htdocs...')
#2 C:\xampp\htdocs\spp\system\View\View.php(213): CodeIgniter\View\View->CodeIgniter\View\{closure}()
#3 C:\xampp\htdocs\spp\system\Common.php(1089): CodeIgniter\View\View->render('laporan/c_invoi...', Array, true)
#4 C:\xampp\htdocs\spp\app\Controllers\Home.php(1891): view('laporan/c_invoi...', Array)
#5 C:\xampp\htdocs\spp\system\CodeIgniter.php(832): App\Controllers\Home->cari_invoice()
#6 C:\xampp\htdocs\spp\system\CodeIgniter.php(419): CodeIgniter\CodeIgniter->runController(Object(App\Controllers\Home))
#7 C:\xampp\htdocs\spp\system\CodeIgniter.php(326): CodeIgniter\CodeIgniter->handleRequest(NULL, Object(Config\Cache), false)
#8 C:\xampp\htdocs\spp\public\index.php(37): CodeIgniter\CodeIgniter->run()
#9 C:\xampp\htdocs\spp\system\Commands\Server\rewrite.php(43): require_once('C:\\xampp\\htdocs...')
#10 {main}
CRITICAL - 2023-08-30 02:12:14 --> A non-numeric value encountered
#0 C:\xampp\htdocs\spp\app\Views\laporan\c_invoice.php(32): CodeIgniter\Debug\Exceptions->errorHandler(2, 'A non-numeric v...', 'C:\\xampp\\htdocs...', 32, Array)
#1 C:\xampp\htdocs\spp\system\View\View.php(210): include('C:\\xampp\\htdocs...')
#2 C:\xampp\htdocs\spp\system\View\View.php(213): CodeIgniter\View\View->CodeIgniter\View\{closure}()
#3 C:\xampp\htdocs\spp\system\Common.php(1089): CodeIgniter\View\View->render('laporan/c_invoi...', Array, true)
#4 C:\xampp\htdocs\spp\app\Controllers\Home.php(1891): view('laporan/c_invoi...', Array)
#5 C:\xampp\htdocs\spp\system\CodeIgniter.php(832): App\Controllers\Home->cari_invoice()
#6 C:\xampp\htdocs\spp\system\CodeIgniter.php(419): CodeIgniter\CodeIgniter->runController(Object(App\Controllers\Home))
#7 C:\xampp\htdocs\spp\system\CodeIgniter.php(326): CodeIgniter\CodeIgniter->handleRequest(NULL, Object(Config\Cache), false)
#8 C:\xampp\htdocs\spp\public\index.php(37): CodeIgniter\CodeIgniter->run()
#9 C:\xampp\htdocs\spp\system\Commands\Server\rewrite.php(43): require_once('C:\\xampp\\htdocs...')
#10 {main}
ERROR - 2023-08-30 02:13:17 --> Unknown column 'spp.harga_paket' in 'on clause'
CRITICAL - 2023-08-30 02:13:17 --> Call to a member function getResult() on bool
#0 C:\xampp\htdocs\spp\app\Controllers\Home.php(1885): App\Models\M_model->filter_invoice('spp', '2023-07-30', '2023-08-30')
#1 C:\xampp\htdocs\spp\system\CodeIgniter.php(832): App\Controllers\Home->cari_invoice()
#2 C:\xampp\htdocs\spp\system\CodeIgniter.php(419): CodeIgniter\CodeIgniter->runController(Object(App\Controllers\Home))
#3 C:\xampp\htdocs\spp\system\CodeIgniter.php(326): CodeIgniter\CodeIgniter->handleRequest(NULL, Object(Config\Cache), false)
#4 C:\xampp\htdocs\spp\public\index.php(37): CodeIgniter\CodeIgniter->run()
#5 C:\xampp\htdocs\spp\system\Commands\Server\rewrite.php(43): require_once('C:\\xampp\\htdocs...')
#6 {main}
CRITICAL - 2023-08-30 02:14:25 --> A non-numeric value encountered
#0 C:\xampp\htdocs\spp\app\Views\laporan\c_invoice.php(32): CodeIgniter\Debug\Exceptions->errorHandler(2, 'A non-numeric v...', 'C:\\xampp\\htdocs...', 32, Array)
#1 C:\xampp\htdocs\spp\system\View\View.php(210): include('C:\\xampp\\htdocs...')
#2 C:\xampp\htdocs\spp\system\View\View.php(213): CodeIgniter\View\View->CodeIgniter\View\{closure}()
#3 C:\xampp\htdocs\spp\system\Common.php(1089): CodeIgniter\View\View->render('laporan/c_invoi...', Array, true)
#4 C:\xampp\htdocs\spp\app\Controllers\Home.php(1891): view('laporan/c_invoi...', Array)
#5 C:\xampp\htdocs\spp\system\CodeIgniter.php(832): App\Controllers\Home->cari_invoice()
#6 C:\xampp\htdocs\spp\system\CodeIgniter.php(419): CodeIgniter\CodeIgniter->runController(Object(App\Controllers\Home))
#7 C:\xampp\htdocs\spp\system\CodeIgniter.php(326): CodeIgniter\CodeIgniter->handleRequest(NULL, Object(Config\Cache), false)
#8 C:\xampp\htdocs\spp\public\index.php(37): CodeIgniter\CodeIgniter->run()
#9 C:\xampp\htdocs\spp\system\Commands\Server\rewrite.php(43): require_once('C:\\xampp\\htdocs...')
#10 {main}
CRITICAL - 2023-08-30 02:14:41 --> A non-numeric value encountered
#0 C:\xampp\htdocs\spp\app\Views\laporan\c_invoice.php(32): CodeIgniter\Debug\Exceptions->errorHandler(2, 'A non-numeric v...', 'C:\\xampp\\htdocs...', 32, Array)
#1 C:\xampp\htdocs\spp\system\View\View.php(210): include('C:\\xampp\\htdocs...')
#2 C:\xampp\htdocs\spp\system\View\View.php(213): CodeIgniter\View\View->CodeIgniter\View\{closure}()
#3 C:\xampp\htdocs\spp\system\Common.php(1089): CodeIgniter\View\View->render('laporan/c_invoi...', Array, true)
#4 C:\xampp\htdocs\spp\app\Controllers\Home.php(1891): view('laporan/c_invoi...', Array)
#5 C:\xampp\htdocs\spp\system\CodeIgniter.php(832): App\Controllers\Home->cari_invoice()
#6 C:\xampp\htdocs\spp\system\CodeIgniter.php(419): CodeIgniter\CodeIgniter->runController(Object(App\Controllers\Home))
#7 C:\xampp\htdocs\spp\system\CodeIgniter.php(326): CodeIgniter\CodeIgniter->handleRequest(NULL, Object(Config\Cache), false)
#8 C:\xampp\htdocs\spp\public\index.php(37): CodeIgniter\CodeIgniter->run()
#9 C:\xampp\htdocs\spp\system\Commands\Server\rewrite.php(43): require_once('C:\\xampp\\htdocs...')
#10 {main}
CRITICAL - 2023-08-30 02:16:18 --> A non-numeric value encountered
#0 C:\xampp\htdocs\spp\app\Views\laporan\c_invoice.php(32): CodeIgniter\Debug\Exceptions->errorHandler(2, 'A non-numeric v...', 'C:\\xampp\\htdocs...', 32, Array)
#1 C:\xampp\htdocs\spp\system\View\View.php(210): include('C:\\xampp\\htdocs...')
#2 C:\xampp\htdocs\spp\system\View\View.php(213): CodeIgniter\View\View->CodeIgniter\View\{closure}()
#3 C:\xampp\htdocs\spp\system\Common.php(1089): CodeIgniter\View\View->render('laporan/c_invoi...', Array, true)
#4 C:\xampp\htdocs\spp\app\Controllers\Home.php(1891): view('laporan/c_invoi...', Array)
#5 C:\xampp\htdocs\spp\system\CodeIgniter.php(832): App\Controllers\Home->cari_invoice()
#6 C:\xampp\htdocs\spp\system\CodeIgniter.php(419): CodeIgniter\CodeIgniter->runController(Object(App\Controllers\Home))
#7 C:\xampp\htdocs\spp\system\CodeIgniter.php(326): CodeIgniter\CodeIgniter->handleRequest(NULL, Object(Config\Cache), false)
#8 C:\xampp\htdocs\spp\public\index.php(37): CodeIgniter\CodeIgniter->run()
#9 C:\xampp\htdocs\spp\system\Commands\Server\rewrite.php(43): require_once('C:\\xampp\\htdocs...')
#10 {main}
CRITICAL - 2023-08-30 02:17:10 --> A non-numeric value encountered
#0 C:\xampp\htdocs\spp\app\Views\laporan\c_invoice.php(32): CodeIgniter\Debug\Exceptions->errorHandler(2, 'A non-numeric v...', 'C:\\xampp\\htdocs...', 32, Array)
#1 C:\xampp\htdocs\spp\system\View\View.php(210): include('C:\\xampp\\htdocs...')
#2 C:\xampp\htdocs\spp\system\View\View.php(213): CodeIgniter\View\View->CodeIgniter\View\{closure}()
#3 C:\xampp\htdocs\spp\system\Common.php(1089): CodeIgniter\View\View->render('laporan/c_invoi...', Array, true)
#4 C:\xampp\htdocs\spp\app\Controllers\Home.php(1891): view('laporan/c_invoi...', Array)
#5 C:\xampp\htdocs\spp\system\CodeIgniter.php(832): App\Controllers\Home->cari_invoice()
#6 C:\xampp\htdocs\spp\system\CodeIgniter.php(419): CodeIgniter\CodeIgniter->runController(Object(App\Controllers\Home))
#7 C:\xampp\htdocs\spp\system\CodeIgniter.php(326): CodeIgniter\CodeIgniter->handleRequest(NULL, Object(Config\Cache), false)
#8 C:\xampp\htdocs\spp\public\index.php(37): CodeIgniter\CodeIgniter->run()
#9 C:\xampp\htdocs\spp\system\Commands\Server\rewrite.php(43): require_once('C:\\xampp\\htdocs...')
#10 {main}
CRITICAL - 2023-08-30 02:17:50 --> A non-numeric value encountered
#0 C:\xampp\htdocs\spp\app\Views\laporan\c_invoice.php(32): CodeIgniter\Debug\Exceptions->errorHandler(2, 'A non-numeric v...', 'C:\\xampp\\htdocs...', 32, Array)
#1 C:\xampp\htdocs\spp\system\View\View.php(210): include('C:\\xampp\\htdocs...')
#2 C:\xampp\htdocs\spp\system\View\View.php(213): CodeIgniter\View\View->CodeIgniter\View\{closure}()
#3 C:\xampp\htdocs\spp\system\Common.php(1089): CodeIgniter\View\View->render('laporan/c_invoi...', Array, true)
#4 C:\xampp\htdocs\spp\app\Controllers\Home.php(1891): view('laporan/c_invoi...', Array)
#5 C:\xampp\htdocs\spp\system\CodeIgniter.php(832): App\Controllers\Home->cari_invoice()
#6 C:\xampp\htdocs\spp\system\CodeIgniter.php(419): CodeIgniter\CodeIgniter->runController(Object(App\Controllers\Home))
#7 C:\xampp\htdocs\spp\system\CodeIgniter.php(326): CodeIgniter\CodeIgniter->handleRequest(NULL, Object(Config\Cache), false)
#8 C:\xampp\htdocs\spp\public\index.php(37): CodeIgniter\CodeIgniter->run()
#9 C:\xampp\htdocs\spp\system\Commands\Server\rewrite.php(43): require_once('C:\\xampp\\htdocs...')
#10 {main}
CRITICAL - 2023-08-30 02:18:02 --> A non-numeric value encountered
#0 C:\xampp\htdocs\spp\app\Views\laporan\c_invoice.php(32): CodeIgniter\Debug\Exceptions->errorHandler(2, 'A non-numeric v...', 'C:\\xampp\\htdocs...', 32, Array)
#1 C:\xampp\htdocs\spp\system\View\View.php(210): include('C:\\xampp\\htdocs...')
#2 C:\xampp\htdocs\spp\system\View\View.php(213): CodeIgniter\View\View->CodeIgniter\View\{closure}()
#3 C:\xampp\htdocs\spp\system\Common.php(1089): CodeIgniter\View\View->render('laporan/c_invoi...', Array, true)
#4 C:\xampp\htdocs\spp\app\Controllers\Home.php(1891): view('laporan/c_invoi...', Array)
#5 C:\xampp\htdocs\spp\system\CodeIgniter.php(832): App\Controllers\Home->cari_invoice()
#6 C:\xampp\htdocs\spp\system\CodeIgniter.php(419): CodeIgniter\CodeIgniter->runController(Object(App\Controllers\Home))
#7 C:\xampp\htdocs\spp\system\CodeIgniter.php(326): CodeIgniter\CodeIgniter->handleRequest(NULL, Object(Config\Cache), false)
#8 C:\xampp\htdocs\spp\public\index.php(37): CodeIgniter\CodeIgniter->run()
#9 C:\xampp\htdocs\spp\system\Commands\Server\rewrite.php(43): require_once('C:\\xampp\\htdocs...')
#10 {main}
CRITICAL - 2023-08-30 02:20:37 --> A non-numeric value encountered
#0 C:\xampp\htdocs\spp\app\Views\laporan\c_invoice.php(33): CodeIgniter\Debug\Exceptions->errorHandler(2, 'A non-numeric v...', 'C:\\xampp\\htdocs...', 33, Array)
#1 C:\xampp\htdocs\spp\system\View\View.php(210): include('C:\\xampp\\htdocs...')
#2 C:\xampp\htdocs\spp\system\View\View.php(213): CodeIgniter\View\View->CodeIgniter\View\{closure}()
#3 C:\xampp\htdocs\spp\system\Common.php(1089): CodeIgniter\View\View->render('laporan/c_invoi...', Array, true)
#4 C:\xampp\htdocs\spp\app\Controllers\Home.php(1891): view('laporan/c_invoi...', Array)
#5 C:\xampp\htdocs\spp\system\CodeIgniter.php(832): App\Controllers\Home->cari_invoice()
#6 C:\xampp\htdocs\spp\system\CodeIgniter.php(419): CodeIgniter\CodeIgniter->runController(Object(App\Controllers\Home))
#7 C:\xampp\htdocs\spp\system\CodeIgniter.php(326): CodeIgniter\CodeIgniter->handleRequest(NULL, Object(Config\Cache), false)
#8 C:\xampp\htdocs\spp\public\index.php(37): CodeIgniter\CodeIgniter->run()
#9 C:\xampp\htdocs\spp\system\Commands\Server\rewrite.php(43): require_once('C:\\xampp\\htdocs...')
#10 {main}
CRITICAL - 2023-08-30 02:20:51 --> A non-numeric value encountered
#0 C:\xampp\htdocs\spp\app\Views\laporan\c_invoice.php(33): CodeIgniter\Debug\Exceptions->errorHandler(2, 'A non-numeric v...', 'C:\\xampp\\htdocs...', 33, Array)
#1 C:\xampp\htdocs\spp\system\View\View.php(210): include('C:\\xampp\\htdocs...')
#2 C:\xampp\htdocs\spp\system\View\View.php(213): CodeIgniter\View\View->CodeIgniter\View\{closure}()
#3 C:\xampp\htdocs\spp\system\Common.php(1089): CodeIgniter\View\View->render('laporan/c_invoi...', Array, true)
#4 C:\xampp\htdocs\spp\app\Controllers\Home.php(1891): view('laporan/c_invoi...', Array)
#5 C:\xampp\htdocs\spp\system\CodeIgniter.php(832): App\Controllers\Home->cari_invoice()
#6 C:\xampp\htdocs\spp\system\CodeIgniter.php(419): CodeIgniter\CodeIgniter->runController(Object(App\Controllers\Home))
#7 C:\xampp\htdocs\spp\system\CodeIgniter.php(326): CodeIgniter\CodeIgniter->handleRequest(NULL, Object(Config\Cache), false)
#8 C:\xampp\htdocs\spp\public\index.php(37): CodeIgniter\CodeIgniter->run()
#9 C:\xampp\htdocs\spp\system\Commands\Server\rewrite.php(43): require_once('C:\\xampp\\htdocs...')
#10 {main}
CRITICAL - 2023-08-30 02:21:25 --> A non-numeric value encountered
#0 C:\xampp\htdocs\spp\app\Views\laporan\c_invoice.php(32): CodeIgniter\Debug\Exceptions->errorHandler(2, 'A non-numeric v...', 'C:\\xampp\\htdocs...', 32, Array)
#1 C:\xampp\htdocs\spp\system\View\View.php(210): include('C:\\xampp\\htdocs...')
#2 C:\xampp\htdocs\spp\system\View\View.php(213): CodeIgniter\View\View->CodeIgniter\View\{closure}()
#3 C:\xampp\htdocs\spp\system\Common.php(1089): CodeIgniter\View\View->render('laporan/c_invoi...', Array, true)
#4 C:\xampp\htdocs\spp\app\Controllers\Home.php(1891): view('laporan/c_invoi...', Array)
#5 C:\xampp\htdocs\spp\system\CodeIgniter.php(832): App\Controllers\Home->cari_invoice()
#6 C:\xampp\htdocs\spp\system\CodeIgniter.php(419): CodeIgniter\CodeIgniter->runController(Object(App\Controllers\Home))
#7 C:\xampp\htdocs\spp\system\CodeIgniter.php(326): CodeIgniter\CodeIgniter->handleRequest(NULL, Object(Config\Cache), false)
#8 C:\xampp\htdocs\spp\public\index.php(37): CodeIgniter\CodeIgniter->run()
#9 C:\xampp\htdocs\spp\system\Commands\Server\rewrite.php(43): require_once('C:\\xampp\\htdocs...')
#10 {main}
CRITICAL - 2023-08-30 02:21:59 --> A non-numeric value encountered
#0 C:\xampp\htdocs\spp\app\Views\laporan\c_invoice.php(32): CodeIgniter\Debug\Exceptions->errorHandler(2, 'A non-numeric v...', 'C:\\xampp\\htdocs...', 32, Array)
#1 C:\xampp\htdocs\spp\system\View\View.php(210): include('C:\\xampp\\htdocs...')
#2 C:\xampp\htdocs\spp\system\View\View.php(213): CodeIgniter\View\View->CodeIgniter\View\{closure}()
#3 C:\xampp\htdocs\spp\system\Common.php(1089): CodeIgniter\View\View->render('laporan/c_invoi...', Array, true)
#4 C:\xampp\htdocs\spp\app\Controllers\Home.php(1891): view('laporan/c_invoi...', Array)
#5 C:\xampp\htdocs\spp\system\CodeIgniter.php(832): App\Controllers\Home->cari_invoice()
#6 C:\xampp\htdocs\spp\system\CodeIgniter.php(419): CodeIgniter\CodeIgniter->runController(Object(App\Controllers\Home))
#7 C:\xampp\htdocs\spp\system\CodeIgniter.php(326): CodeIgniter\CodeIgniter->handleRequest(NULL, Object(Config\Cache), false)
#8 C:\xampp\htdocs\spp\public\index.php(37): CodeIgniter\CodeIgniter->run()
#9 C:\xampp\htdocs\spp\system\Commands\Server\rewrite.php(43): require_once('C:\\xampp\\htdocs...')
#10 {main}
CRITICAL - 2023-08-30 02:29:55 --> syntax error, unexpected '}', expecting end of file
#0 C:\xampp\htdocs\spp\system\View\View.php(213): CodeIgniter\View\View->CodeIgniter\View\{closure}()
#1 C:\xampp\htdocs\spp\system\Common.php(1089): CodeIgniter\View\View->render('laporan/c_invoi...', Array, true)
#2 C:\xampp\htdocs\spp\app\Controllers\Home.php(1891): view('laporan/c_invoi...', Array)
#3 C:\xampp\htdocs\spp\system\CodeIgniter.php(832): App\Controllers\Home->cari_invoice()
#4 C:\xampp\htdocs\spp\system\CodeIgniter.php(419): CodeIgniter\CodeIgniter->runController(Object(App\Controllers\Home))
#5 C:\xampp\htdocs\spp\system\CodeIgniter.php(326): CodeIgniter\CodeIgniter->handleRequest(NULL, Object(Config\Cache), false)
#6 C:\xampp\htdocs\spp\public\index.php(37): CodeIgniter\CodeIgniter->run()
#7 C:\xampp\htdocs\spp\system\Commands\Server\rewrite.php(43): require_once('C:\\xampp\\htdocs...')
#8 {main}
CRITICAL - 2023-08-30 02:30:01 --> A non-numeric value encountered
#0 C:\xampp\htdocs\spp\app\Views\laporan\c_invoice.php(32): CodeIgniter\Debug\Exceptions->errorHandler(2, 'A non-numeric v...', 'C:\\xampp\\htdocs...', 32, Array)
#1 C:\xampp\htdocs\spp\system\View\View.php(210): include('C:\\xampp\\htdocs...')
#2 C:\xampp\htdocs\spp\system\View\View.php(213): CodeIgniter\View\View->CodeIgniter\View\{closure}()
#3 C:\xampp\htdocs\spp\system\Common.php(1089): CodeIgniter\View\View->render('laporan/c_invoi...', Array, true)
#4 C:\xampp\htdocs\spp\app\Controllers\Home.php(1891): view('laporan/c_invoi...', Array)
#5 C:\xampp\htdocs\spp\system\CodeIgniter.php(832): App\Controllers\Home->cari_invoice()
#6 C:\xampp\htdocs\spp\system\CodeIgniter.php(419): CodeIgniter\CodeIgniter->runController(Object(App\Controllers\Home))
#7 C:\xampp\htdocs\spp\system\CodeIgniter.php(326): CodeIgniter\CodeIgniter->handleRequest(NULL, Object(Config\Cache), false)
#8 C:\xampp\htdocs\spp\public\index.php(37): CodeIgniter\CodeIgniter->run()
#9 C:\xampp\htdocs\spp\system\Commands\Server\rewrite.php(43): require_once('C:\\xampp\\htdocs...')
#10 {main}
CRITICAL - 2023-08-30 02:37:26 --> A non-numeric value encountered
#0 C:\xampp\htdocs\spp\app\Views\laporan\c_invoice.php(31): CodeIgniter\Debug\Exceptions->errorHandler(2, 'A non-numeric v...', 'C:\\xampp\\htdocs...', 31, Array)
#1 C:\xampp\htdocs\spp\system\View\View.php(210): include('C:\\xampp\\htdocs...')
#2 C:\xampp\htdocs\spp\system\View\View.php(213): CodeIgniter\View\View->CodeIgniter\View\{closure}()
#3 C:\xampp\htdocs\spp\system\Common.php(1089): CodeIgniter\View\View->render('laporan/c_invoi...', Array, true)
#4 C:\xampp\htdocs\spp\app\Controllers\Home.php(1891): view('laporan/c_invoi...', Array)
#5 C:\xampp\htdocs\spp\system\CodeIgniter.php(832): App\Controllers\Home->cari_invoice()
#6 C:\xampp\htdocs\spp\system\CodeIgniter.php(419): CodeIgniter\CodeIgniter->runController(Object(App\Controllers\Home))
#7 C:\xampp\htdocs\spp\system\CodeIgniter.php(326): CodeIgniter\CodeIgniter->handleRequest(NULL, Object(Config\Cache), false)
#8 C:\xampp\htdocs\spp\public\index.php(37): CodeIgniter\CodeIgniter->run()
#9 C:\xampp\htdocs\spp\system\Commands\Server\rewrite.php(43): require_once('C:\\xampp\\htdocs...')
#10 {main}
CRITICAL - 2023-08-30 02:38:46 --> A non-numeric value encountered
#0 C:\xampp\htdocs\spp\app\Views\laporan\c_invoice.php(31): CodeIgniter\Debug\Exceptions->errorHandler(2, 'A non-numeric v...', 'C:\\xampp\\htdocs...', 31, Array)
#1 C:\xampp\htdocs\spp\system\View\View.php(210): include('C:\\xampp\\htdocs...')
#2 C:\xampp\htdocs\spp\system\View\View.php(213): CodeIgniter\View\View->CodeIgniter\View\{closure}()
#3 C:\xampp\htdocs\spp\system\Common.php(1089): CodeIgniter\View\View->render('laporan/c_invoi...', Array, true)
#4 C:\xampp\htdocs\spp\app\Controllers\Home.php(1891): view('laporan/c_invoi...', Array)
#5 C:\xampp\htdocs\spp\system\CodeIgniter.php(832): App\Controllers\Home->cari_invoice()
#6 C:\xampp\htdocs\spp\system\CodeIgniter.php(419): CodeIgniter\CodeIgniter->runController(Object(App\Controllers\Home))
#7 C:\xampp\htdocs\spp\system\CodeIgniter.php(326): CodeIgniter\CodeIgniter->handleRequest(NULL, Object(Config\Cache), false)
#8 C:\xampp\htdocs\spp\public\index.php(37): CodeIgniter\CodeIgniter->run()
#9 C:\xampp\htdocs\spp\system\Commands\Server\rewrite.php(43): require_once('C:\\xampp\\htdocs...')
#10 {main}
CRITICAL - 2023-08-30 02:41:45 --> A non-numeric value encountered
#0 C:\xampp\htdocs\spp\app\Views\laporan\c_invoice.php(31): CodeIgniter\Debug\Exceptions->errorHandler(2, 'A non-numeric v...', 'C:\\xampp\\htdocs...', 31, Array)
#1 C:\xampp\htdocs\spp\system\View\View.php(210): include('C:\\xampp\\htdocs...')
#2 C:\xampp\htdocs\spp\system\View\View.php(213): CodeIgniter\View\View->CodeIgniter\View\{closure}()
#3 C:\xampp\htdocs\spp\system\Common.php(1089): CodeIgniter\View\View->render('laporan/c_invoi...', Array, true)
#4 C:\xampp\htdocs\spp\app\Controllers\Home.php(1891): view('laporan/c_invoi...', Array)
#5 C:\xampp\htdocs\spp\system\CodeIgniter.php(832): App\Controllers\Home->cari_invoice()
#6 C:\xampp\htdocs\spp\system\CodeIgniter.php(419): CodeIgniter\CodeIgniter->runController(Object(App\Controllers\Home))
#7 C:\xampp\htdocs\spp\system\CodeIgniter.php(326): CodeIgniter\CodeIgniter->handleRequest(NULL, Object(Config\Cache), false)
#8 C:\xampp\htdocs\spp\public\index.php(37): CodeIgniter\CodeIgniter->run()
#9 C:\xampp\htdocs\spp\system\Commands\Server\rewrite.php(43): require_once('C:\\xampp\\htdocs...')
#10 {main}
CRITICAL - 2023-08-30 02:42:00 --> A non-numeric value encountered
#0 C:\xampp\htdocs\spp\app\Views\laporan\c_invoice.php(31): CodeIgniter\Debug\Exceptions->errorHandler(2, 'A non-numeric v...', 'C:\\xampp\\htdocs...', 31, Array)
#1 C:\xampp\htdocs\spp\system\View\View.php(210): include('C:\\xampp\\htdocs...')
#2 C:\xampp\htdocs\spp\system\View\View.php(213): CodeIgniter\View\View->CodeIgniter\View\{closure}()
#3 C:\xampp\htdocs\spp\system\Common.php(1089): CodeIgniter\View\View->render('laporan/c_invoi...', Array, true)
#4 C:\xampp\htdocs\spp\app\Controllers\Home.php(1891): view('laporan/c_invoi...', Array)
#5 C:\xampp\htdocs\spp\system\CodeIgniter.php(832): App\Controllers\Home->cari_invoice()
#6 C:\xampp\htdocs\spp\system\CodeIgniter.php(419): CodeIgniter\CodeIgniter->runController(Object(App\Controllers\Home))
#7 C:\xampp\htdocs\spp\system\CodeIgniter.php(326): CodeIgniter\CodeIgniter->handleRequest(NULL, Object(Config\Cache), false)
#8 C:\xampp\htdocs\spp\public\index.php(37): CodeIgniter\CodeIgniter->run()
#9 C:\xampp\htdocs\spp\system\Commands\Server\rewrite.php(43): require_once('C:\\xampp\\htdocs...')
#10 {main}
CRITICAL - 2023-08-30 02:42:33 --> A non-numeric value encountered
#0 C:\xampp\htdocs\spp\app\Views\laporan\c_invoice.php(31): CodeIgniter\Debug\Exceptions->errorHandler(2, 'A non-numeric v...', 'C:\\xampp\\htdocs...', 31, Array)
#1 C:\xampp\htdocs\spp\system\View\View.php(210): include('C:\\xampp\\htdocs...')
#2 C:\xampp\htdocs\spp\system\View\View.php(213): CodeIgniter\View\View->CodeIgniter\View\{closure}()
#3 C:\xampp\htdocs\spp\system\Common.php(1089): CodeIgniter\View\View->render('laporan/c_invoi...', Array, true)
#4 C:\xampp\htdocs\spp\app\Controllers\Home.php(1891): view('laporan/c_invoi...', Array)
#5 C:\xampp\htdocs\spp\system\CodeIgniter.php(832): App\Controllers\Home->cari_invoice()
#6 C:\xampp\htdocs\spp\system\CodeIgniter.php(419): CodeIgniter\CodeIgniter->runController(Object(App\Controllers\Home))
#7 C:\xampp\htdocs\spp\system\CodeIgniter.php(326): CodeIgniter\CodeIgniter->handleRequest(NULL, Object(Config\Cache), false)
#8 C:\xampp\htdocs\spp\public\index.php(37): CodeIgniter\CodeIgniter->run()
#9 C:\xampp\htdocs\spp\system\Commands\Server\rewrite.php(43): require_once('C:\\xampp\\htdocs...')
#10 {main}
CRITICAL - 2023-08-30 02:42:42 --> A non-numeric value encountered
#0 C:\xampp\htdocs\spp\app\Views\laporan\c_invoice.php(31): CodeIgniter\Debug\Exceptions->errorHandler(2, 'A non-numeric v...', 'C:\\xampp\\htdocs...', 31, Array)
#1 C:\xampp\htdocs\spp\system\View\View.php(210): include('C:\\xampp\\htdocs...')
#2 C:\xampp\htdocs\spp\system\View\View.php(213): CodeIgniter\View\View->CodeIgniter\View\{closure}()
#3 C:\xampp\htdocs\spp\system\Common.php(1089): CodeIgniter\View\View->render('laporan/c_invoi...', Array, true)
#4 C:\xampp\htdocs\spp\app\Controllers\Home.php(1891): view('laporan/c_invoi...', Array)
#5 C:\xampp\htdocs\spp\system\CodeIgniter.php(832): App\Controllers\Home->cari_invoice()
#6 C:\xampp\htdocs\spp\system\CodeIgniter.php(419): CodeIgniter\CodeIgniter->runController(Object(App\Controllers\Home))
#7 C:\xampp\htdocs\spp\system\CodeIgniter.php(326): CodeIgniter\CodeIgniter->handleRequest(NULL, Object(Config\Cache), false)
#8 C:\xampp\htdocs\spp\public\index.php(37): CodeIgniter\CodeIgniter->run()
#9 C:\xampp\htdocs\spp\system\Commands\Server\rewrite.php(43): require_once('C:\\xampp\\htdocs...')
#10 {main}
CRITICAL - 2023-08-30 06:18:26 --> A non-numeric value encountered
#0 C:\xampp\htdocs\spp\app\Views\laporan\c_invoice.php(32): CodeIgniter\Debug\Exceptions->errorHandler(2, 'A non-numeric v...', 'C:\\xampp\\htdocs...', 32, Array)
#1 C:\xampp\htdocs\spp\system\View\View.php(210): include('C:\\xampp\\htdocs...')
#2 C:\xampp\htdocs\spp\system\View\View.php(213): CodeIgniter\View\View->CodeIgniter\View\{closure}()
#3 C:\xampp\htdocs\spp\system\Common.php(1089): CodeIgniter\View\View->render('laporan/c_invoi...', Array, true)
#4 C:\xampp\htdocs\spp\app\Controllers\Home.php(1891): view('laporan/c_invoi...', Array)
#5 C:\xampp\htdocs\spp\system\CodeIgniter.php(832): App\Controllers\Home->cari_invoice()
#6 C:\xampp\htdocs\spp\system\CodeIgniter.php(419): CodeIgniter\CodeIgniter->runController(Object(App\Controllers\Home))
#7 C:\xampp\htdocs\spp\system\CodeIgniter.php(326): CodeIgniter\CodeIgniter->handleRequest(NULL, Object(Config\Cache), false)
#8 C:\xampp\htdocs\spp\public\index.php(37): CodeIgniter\CodeIgniter->run()
#9 C:\xampp\htdocs\spp\system\Commands\Server\rewrite.php(43): require_once('C:\\xampp\\htdocs...')
#10 {main}
CRITICAL - 2023-08-30 06:19:35 --> syntax error, unexpected ';'
#0 C:\xampp\htdocs\spp\system\View\View.php(213): CodeIgniter\View\View->CodeIgniter\View\{closure}()
#1 C:\xampp\htdocs\spp\system\Common.php(1089): CodeIgniter\View\View->render('laporan/c_invoi...', Array, true)
#2 C:\xampp\htdocs\spp\app\Controllers\Home.php(1891): view('laporan/c_invoi...', Array)
#3 C:\xampp\htdocs\spp\system\CodeIgniter.php(832): App\Controllers\Home->cari_invoice()
#4 C:\xampp\htdocs\spp\system\CodeIgniter.php(419): CodeIgniter\CodeIgniter->runController(Object(App\Controllers\Home))
#5 C:\xampp\htdocs\spp\system\CodeIgniter.php(326): CodeIgniter\CodeIgniter->handleRequest(NULL, Object(Config\Cache), false)
#6 C:\xampp\htdocs\spp\public\index.php(37): CodeIgniter\CodeIgniter->run()
#7 C:\xampp\htdocs\spp\system\Commands\Server\rewrite.php(43): require_once('C:\\xampp\\htdocs...')
#8 {main}
ERROR - 2023-08-30 06:41:01 --> Unknown column 'user' in 'from clause'
CRITICAL - 2023-08-30 06:41:01 --> Call to a member function getRow() on bool
#0 C:\xampp\htdocs\spp\app\Controllers\Home.php(626): App\Models\M_model->detail_siswa('siswa', 'kelas', 'jurusan', 'rombel', 'paket', 'user', 'siswa.id_kelas_...', 'siswa.id_jurusa...', 'siswa.id_rombel...', 'siswa.id_user_s...', Array)
#1 C:\xampp\htdocs\spp\system\CodeIgniter.php(832): App\Controllers\Home->detail_students('32')
#2 C:\xampp\htdocs\spp\system\CodeIgniter.php(419): CodeIgniter\CodeIgniter->runController(Object(App\Controllers\Home))
#3 C:\xampp\htdocs\spp\system\CodeIgniter.php(326): CodeIgniter\CodeIgniter->handleRequest(NULL, Object(Config\Cache), false)
#4 C:\xampp\htdocs\spp\public\index.php(37): CodeIgniter\CodeIgniter->run()
#5 C:\xampp\htdocs\spp\system\Commands\Server\rewrite.php(43): require_once('C:\\xampp\\htdocs...')
#6 {main}
ERROR - 2023-08-30 06:44:51 --> Unknown column 'harga_paket' in 'field list'
ERROR - 2023-08-30 07:01:07 --> Unknown column 'paket.id_paket' in 'on clause'
CRITICAL - 2023-08-30 07:01:07 --> Call to a member function getResult() on bool
#0 C:\xampp\htdocs\spp\app\Controllers\Home.php(1343): App\Models\M_model->super('spp', 'siswa', 'user', 'spp.id_siswa_sp...', 'spp.id_paket_sp...')
#1 C:\xampp\htdocs\spp\system\CodeIgniter.php(832): App\Controllers\Home->add_invoice()
#2 C:\xampp\htdocs\spp\system\CodeIgniter.php(419): CodeIgniter\CodeIgniter->runController(Object(App\Controllers\Home))
#3 C:\xampp\htdocs\spp\system\CodeIgniter.php(326): CodeIgniter\CodeIgniter->handleRequest(NULL, Object(Config\Cache), false)
#4 C:\xampp\htdocs\spp\public\index.php(37): CodeIgniter\CodeIgniter->run()
#5 C:\xampp\htdocs\spp\system\Commands\Server\rewrite.php(43): require_once('C:\\xampp\\htdocs...')
#6 {main}
ERROR - 2023-08-30 07:01:44 --> Unknown column 'paket.id_paket' in 'on clause'
CRITICAL - 2023-08-30 07:01:44 --> Call to a member function getResult() on bool
#0 C:\xampp\htdocs\spp\app\Controllers\Home.php(1343): App\Models\M_model->super('spp', 'siswa', 'user', 'spp.id_siswa_sp...', 'spp.id_paket_sp...')
#1 C:\xampp\htdocs\spp\system\CodeIgniter.php(832): App\Controllers\Home->add_invoice()
#2 C:\xampp\htdocs\spp\system\CodeIgniter.php(419): CodeIgniter\CodeIgniter->runController(Object(App\Controllers\Home))
#3 C:\xampp\htdocs\spp\system\CodeIgniter.php(326): CodeIgniter\CodeIgniter->handleRequest(NULL, Object(Config\Cache), false)
#4 C:\xampp\htdocs\spp\public\index.php(37): CodeIgniter\CodeIgniter->run()
#5 C:\xampp\htdocs\spp\system\Commands\Server\rewrite.php(43): require_once('C:\\xampp\\htdocs...')
#6 {main}
ERROR - 2023-08-30 07:10:12 --> Column 'deskripsi' cannot be null
ERROR - 2023-08-30 07:23:48 --> Unknown column 'jumlah' in 'field list'
CRITICAL - 2023-08-30 08:00:52 --> Invalid argument supplied for foreach()
#0 C:\xampp\htdocs\spp\app\Views\employee_salary_spp\edit\edit_employee_salary.php(98): CodeIgniter\Debug\Exceptions->errorHandler(2, 'Invalid argumen...', 'C:\\xampp\\htdocs...', 98, Array)
#1 C:\xampp\htdocs\spp\system\View\View.php(210): include('C:\\xampp\\htdocs...')
#2 C:\xampp\htdocs\spp\system\View\View.php(213): CodeIgniter\View\View->CodeIgniter\View\{closure}()
#3 C:\xampp\htdocs\spp\system\Common.php(1089): CodeIgniter\View\View->render('employee_salary...', Array, true)
#4 C:\xampp\htdocs\spp\app\Controllers\Home.php(1660): view('employee_salary...')
#5 C:\xampp\htdocs\spp\system\CodeIgniter.php(832): App\Controllers\Home->edit_employee_salary('29')
#6 C:\xampp\htdocs\spp\system\CodeIgniter.php(419): CodeIgniter\CodeIgniter->runController(Object(App\Controllers\Home))
#7 C:\xampp\htdocs\spp\system\CodeIgniter.php(326): CodeIgniter\CodeIgniter->handleRequest(NULL, Object(Config\Cache), false)
#8 C:\xampp\htdocs\spp\public\index.php(37): CodeIgniter\CodeIgniter->run()
#9 C:\xampp\htdocs\spp\system\Commands\Server\rewrite.php(43): require_once('C:\\xampp\\htdocs...')
#10 {main}
CRITICAL - 2023-08-30 08:10:46 --> Too few arguments to function App\Models\M_model::spp_test(), 5 passed in C:\xampp\htdocs\spp\app\Controllers\Home.php on line 1715 and exactly 6 expected
#0 C:\xampp\htdocs\spp\app\Controllers\Home.php(1715): App\Models\M_model->spp_test('spp', 'siswa', 'spp.id_siswa_sp...', Array, Array)
#1 C:\xampp\htdocs\spp\system\CodeIgniter.php(832): App\Controllers\Home->add_bayar_invoice('94')
#2 C:\xampp\htdocs\spp\system\CodeIgniter.php(419): CodeIgniter\CodeIgniter->runController(Object(App\Controllers\Home))
#3 C:\xampp\htdocs\spp\system\CodeIgniter.php(326): CodeIgniter\CodeIgniter->handleRequest(NULL, Object(Config\Cache), false)
#4 C:\xampp\htdocs\spp\public\index.php(37): CodeIgniter\CodeIgniter->run()
#5 C:\xampp\htdocs\spp\system\Commands\Server\rewrite.php(43): require_once('C:\\xampp\\htdocs...')
#6 {main}
CRITICAL - 2023-08-30 08:15:59 --> Argument 1 passed to CodeIgniter\Database\BaseBuilder::join() must be of the type string, null given, called in C:\xampp\htdocs\spp\app\Models\M_model.php on line 406
#0 C:\xampp\htdocs\spp\app\Models\M_model.php(406): CodeIgniter\Database\BaseBuilder->join(NULL, 'spp.id_siswa_sp...')
#1 C:\xampp\htdocs\spp\app\Controllers\Home.php(1773): App\Models\M_model->spp_test('spp', 'siswa', 'paket', 'spp.id_siswa_sp...', 'spp.id_paket_sp...', Array, Array)
#2 C:\xampp\htdocs\spp\system\CodeIgniter.php(832): App\Controllers\Home->add_bayar_invoice_a('94')
#3 C:\xampp\htdocs\spp\system\CodeIgniter.php(419): CodeIgniter\CodeIgniter->runController(Object(App\Controllers\Home))
#4 C:\xampp\htdocs\spp\system\CodeIgniter.php(326): CodeIgniter\CodeIgniter->handleRequest(NULL, Object(Config\Cache), false)
#5 C:\xampp\htdocs\spp\public\index.php(37): CodeIgniter\CodeIgniter->run()
#6 C:\xampp\htdocs\spp\system\Commands\Server\rewrite.php(43): require_once('C:\\xampp\\htdocs...')
#7 {main}
CRITICAL - 2023-08-30 08:39:06 --> You must set the database table to be used with your query.
#0 C:\xampp\htdocs\spp\system\Model.php(545): CodeIgniter\Database\BaseConnection->table(NULL)
#1 C:\xampp\htdocs\spp\system\Model.php(722): CodeIgniter\Model->builder()
#2 C:\xampp\htdocs\spp\app\Controllers\Home.php(2016): CodeIgniter\Model->__call('filter_employee...', Array)
#3 C:\xampp\htdocs\spp\system\CodeIgniter.php(832): App\Controllers\Home->cari_employee_salary()
#4 C:\xampp\htdocs\spp\system\CodeIgniter.php(419): CodeIgniter\CodeIgniter->runController(Object(App\Controllers\Home))
#5 C:\xampp\htdocs\spp\system\CodeIgniter.php(326): CodeIgniter\CodeIgniter->handleRequest(NULL, Object(Config\Cache), false)
#6 C:\xampp\htdocs\spp\public\index.php(37): CodeIgniter\CodeIgniter->run()
#7 C:\xampp\htdocs\spp\system\Commands\Server\rewrite.php(43): require_once('C:\\xampp\\htdocs...')
#8 {main}
CRITICAL - 2023-08-30 08:43:23 --> Call to undefined method CodeIgniter\Database\MySQLi\Result::getWhere()
#0 C:\xampp\htdocs\spp\app\Controllers\Home.php(2016): App\Models\M_model->filter_guru('gaji_karyawan', '2023-07-31', '2023-10-07', Array)
#1 C:\xampp\htdocs\spp\system\CodeIgniter.php(832): App\Controllers\Home->cari_employee_salary()
#2 C:\xampp\htdocs\spp\system\CodeIgniter.php(419): CodeIgniter\CodeIgniter->runController(Object(App\Controllers\Home))
#3 C:\xampp\htdocs\spp\system\CodeIgniter.php(326): CodeIgniter\CodeIgniter->handleRequest(NULL, Object(Config\Cache), false)
#4 C:\xampp\htdocs\spp\public\index.php(37): CodeIgniter\CodeIgniter->run()
#5 C:\xampp\htdocs\spp\system\Commands\Server\rewrite.php(43): require_once('C:\\xampp\\htdocs...')
#6 {main}
CRITICAL - 2023-08-30 21:37:09 --> Class 'Auth' not found
#0 C:\xampp\htdocs\spp\system\View\View.php(210): include()
#1 C:\xampp\htdocs\spp\system\View\View.php(213): CodeIgniter\View\View->CodeIgniter\View\{closure}()
#2 C:\xampp\htdocs\spp\system\Common.php(1089): CodeIgniter\View\View->render('laporan/c_emplo...', Array, true)
#3 C:\xampp\htdocs\spp\app\Controllers\Home.php(2010): view('laporan/c_emplo...', Array)
#4 C:\xampp\htdocs\spp\system\CodeIgniter.php(832): App\Controllers\Home->cari_employee_salary()
#5 C:\xampp\htdocs\spp\system\CodeIgniter.php(419): CodeIgniter\CodeIgniter->runController(Object(App\Controllers\Home))
#6 C:\xampp\htdocs\spp\system\CodeIgniter.php(326): CodeIgniter\CodeIgniter->handleRequest(NULL, Object(Config\Cache), false)
#7 C:\xampp\htdocs\spp\public\index.php(37): CodeIgniter\CodeIgniter->run()
#8 C:\xampp\htdocs\spp\system\Commands\Server\rewrite.php(43): require_once('C:\\xampp\\htdocs...')
#9 {main}
CRITICAL - 2023-08-30 21:38:08 --> Class 'Auth' not found
#0 C:\xampp\htdocs\spp\system\View\View.php(210): include()
#1 C:\xampp\htdocs\spp\system\View\View.php(213): CodeIgniter\View\View->CodeIgniter\View\{closure}()
#2 C:\xampp\htdocs\spp\system\Common.php(1089): CodeIgniter\View\View->render('laporan/c_emplo...', Array, true)
#3 C:\xampp\htdocs\spp\app\Controllers\Home.php(2010): view('laporan/c_emplo...', Array)
#4 C:\xampp\htdocs\spp\system\CodeIgniter.php(832): App\Controllers\Home->cari_employee_salary()
#5 C:\xampp\htdocs\spp\system\CodeIgniter.php(419): CodeIgniter\CodeIgniter->runController(Object(App\Controllers\Home))
#6 C:\xampp\htdocs\spp\system\CodeIgniter.php(326): CodeIgniter\CodeIgniter->handleRequest(NULL, Object(Config\Cache), false)
#7 C:\xampp\htdocs\spp\public\index.php(37): CodeIgniter\CodeIgniter->run()
#8 C:\xampp\htdocs\spp\system\Commands\Server\rewrite.php(43): require_once('C:\\xampp\\htdocs...')
#9 {main}
CRITICAL - 2023-08-30 21:38:44 --> Class 'Auth' not found
#0 C:\xampp\htdocs\spp\system\View\View.php(210): include()
#1 C:\xampp\htdocs\spp\system\View\View.php(213): CodeIgniter\View\View->CodeIgniter\View\{closure}()
#2 C:\xampp\htdocs\spp\system\Common.php(1089): CodeIgniter\View\View->render('laporan/c_emplo...', Array, true)
#3 C:\xampp\htdocs\spp\app\Controllers\Home.php(2010): view('laporan/c_emplo...', Array)
#4 C:\xampp\htdocs\spp\system\CodeIgniter.php(832): App\Controllers\Home->cari_employee_salary()
#5 C:\xampp\htdocs\spp\system\CodeIgniter.php(419): CodeIgniter\CodeIgniter->runController(Object(App\Controllers\Home))
#6 C:\xampp\htdocs\spp\system\CodeIgniter.php(326): CodeIgniter\CodeIgniter->handleRequest(NULL, Object(Config\Cache), false)
#7 C:\xampp\htdocs\spp\public\index.php(37): CodeIgniter\CodeIgniter->run()
#8 C:\xampp\htdocs\spp\system\Commands\Server\rewrite.php(43): require_once('C:\\xampp\\htdocs...')
#9 {main}
CRITICAL - 2023-08-30 23:17:20 --> Argument 1 passed to CodeIgniter\Database\BaseBuilder::orderBy() must be of the type string, array given, called in C:\xampp\htdocs\spp\app\Models\M_model.php on line 510
#0 C:\xampp\htdocs\spp\app\Models\M_model.php(510): CodeIgniter\Database\BaseBuilder->orderBy(Array, 'DESC')
#1 C:\xampp\htdocs\spp\app\Controllers\Home.php(1843): App\Models\M_model->log('log_activity', 'user', 'log_activity.id...', Array, 'waktu')
#2 C:\xampp\htdocs\spp\system\CodeIgniter.php(832): App\Controllers\Home->log_activity()
#3 C:\xampp\htdocs\spp\system\CodeIgniter.php(419): CodeIgniter\CodeIgniter->runController(Object(App\Controllers\Home))
#4 C:\xampp\htdocs\spp\system\CodeIgniter.php(326): CodeIgniter\CodeIgniter->handleRequest(NULL, Object(Config\Cache), false)
#5 C:\xampp\htdocs\spp\public\index.php(37): CodeIgniter\CodeIgniter->run()
#6 C:\xampp\htdocs\spp\system\Commands\Server\rewrite.php(43): require_once('C:\\xampp\\htdocs...')
#7 {main}
CRITICAL - 2023-08-30 23:17:55 --> syntax error, unexpected '$where' (T_VARIABLE), expecting ')'
#0 C:\xampp\htdocs\spp\system\Router\Router.php(175): CodeIgniter\Router\Router->autoRoute('home/log_activi...')
#1 C:\xampp\htdocs\spp\system\CodeIgniter.php(726): CodeIgniter\Router\Router->handle('home/log_activi...')
#2 C:\xampp\htdocs\spp\system\CodeIgniter.php(368): CodeIgniter\CodeIgniter->tryToRouteIt(Object(CodeIgniter\Router\RouteCollection))
#3 C:\xampp\htdocs\spp\system\CodeIgniter.php(326): CodeIgniter\CodeIgniter->handleRequest(NULL, Object(Config\Cache), false)
#4 C:\xampp\htdocs\spp\public\index.php(37): CodeIgniter\CodeIgniter->run()
#5 C:\xampp\htdocs\spp\system\Commands\Server\rewrite.php(43): require_once('C:\\xampp\\htdocs...')
#6 {main}
CRITICAL - 2023-08-30 23:18:14 --> Argument 1 passed to CodeIgniter\Database\BaseBuilder::orderBy() must be of the type string, array given, called in C:\xampp\htdocs\spp\app\Models\M_model.php on line 510
#0 C:\xampp\htdocs\spp\app\Models\M_model.php(510): CodeIgniter\Database\BaseBuilder->orderBy(Array, 'DESC')
#1 C:\xampp\htdocs\spp\app\Controllers\Home.php(1843): App\Models\M_model->log('log_activity', 'user', 'log_activity.id...', Array, 'waktu')
#2 C:\xampp\htdocs\spp\system\CodeIgniter.php(832): App\Controllers\Home->log_activity()
#3 C:\xampp\htdocs\spp\system\CodeIgniter.php(419): CodeIgniter\CodeIgniter->runController(Object(App\Controllers\Home))
#4 C:\xampp\htdocs\spp\system\CodeIgniter.php(326): CodeIgniter\CodeIgniter->handleRequest(NULL, Object(Config\Cache), false)
#5 C:\xampp\htdocs\spp\public\index.php(37): CodeIgniter\CodeIgniter->run()
#6 C:\xampp\htdocs\spp\system\Commands\Server\rewrite.php(43): require_once('C:\\xampp\\htdocs...')
#7 {main}
CRITICAL - 2023-08-30 23:19:39 --> Argument 1 passed to CodeIgniter\Database\BaseBuilder::orderBy() must be of the type string, array given, called in C:\xampp\htdocs\spp\app\Models\M_model.php on line 510
#0 C:\xampp\htdocs\spp\app\Models\M_model.php(510): CodeIgniter\Database\BaseBuilder->orderBy(Array, 'DESC')
#1 C:\xampp\htdocs\spp\app\Controllers\Home.php(1843): App\Models\M_model->log('log_activity', 'user', 'log_activity.id...', Array, 'waktu')
#2 C:\xampp\htdocs\spp\system\CodeIgniter.php(832): App\Controllers\Home->log_activity()
#3 C:\xampp\htdocs\spp\system\CodeIgniter.php(419): CodeIgniter\CodeIgniter->runController(Object(App\Controllers\Home))
#4 C:\xampp\htdocs\spp\system\CodeIgniter.php(326): CodeIgniter\CodeIgniter->handleRequest(NULL, Object(Config\Cache), false)
#5 C:\xampp\htdocs\spp\public\index.php(37): CodeIgniter\CodeIgniter->run()
#6 C:\xampp\htdocs\spp\system\Commands\Server\rewrite.php(43): require_once('C:\\xampp\\htdocs...')
#7 {main}
ERROR - 2023-08-30 23:27:56 --> Unknown column 'id_user' in 'field list'
CRITICAL - 2023-08-30 23:58:36 --> syntax error, unexpected '""' (T_CONSTANT_ENCAPSED_STRING), expecting ')'
#0 C:\xampp\htdocs\spp\system\Router\Router.php(175): CodeIgniter\Router\Router->autoRoute('home/log_activi...')
#1 C:\xampp\htdocs\spp\system\CodeIgniter.php(726): CodeIgniter\Router\Router->handle('home/log_activi...')
#2 C:\xampp\htdocs\spp\system\CodeIgniter.php(368): CodeIgniter\CodeIgniter->tryToRouteIt(Object(CodeIgniter\Router\RouteCollection))
#3 C:\xampp\htdocs\spp\system\CodeIgniter.php(326): CodeIgniter\CodeIgniter->handleRequest(NULL, Object(Config\Cache), false)
#4 C:\xampp\htdocs\spp\public\index.php(37): CodeIgniter\CodeIgniter->run()
#5 C:\xampp\htdocs\spp\system\Commands\Server\rewrite.php(43): require_once('C:\\xampp\\htdocs...')
#6 {main}
CRITICAL - 2023-08-30 23:59:01 --> syntax error, unexpected '""' (T_CONSTANT_ENCAPSED_STRING), expecting ')'
#0 C:\xampp\htdocs\spp\system\Router\Router.php(175): CodeIgniter\Router\Router->autoRoute('home/students')
#1 C:\xampp\htdocs\spp\system\CodeIgniter.php(726): CodeIgniter\Router\Router->handle('home/students')
#2 C:\xampp\htdocs\spp\system\CodeIgniter.php(368): CodeIgniter\CodeIgniter->tryToRouteIt(Object(CodeIgniter\Router\RouteCollection))
#3 C:\xampp\htdocs\spp\system\CodeIgniter.php(326): CodeIgniter\CodeIgniter->handleRequest(NULL, Object(Config\Cache), false)
#4 C:\xampp\htdocs\spp\public\index.php(37): CodeIgniter\CodeIgniter->run()
#5 C:\xampp\htdocs\spp\system\Commands\Server\rewrite.php(43): require_once('C:\\xampp\\htdocs...')
#6 {main}
CRITICAL - 2023-08-30 23:59:03 --> syntax error, unexpected '""' (T_CONSTANT_ENCAPSED_STRING), expecting ')'
#0 C:\xampp\htdocs\spp\system\Router\Router.php(175): CodeIgniter\Router\Router->autoRoute('home/detail_tea...')
#1 C:\xampp\htdocs\spp\system\CodeIgniter.php(726): CodeIgniter\Router\Router->handle('home/detail_tea...')
#2 C:\xampp\htdocs\spp\system\CodeIgniter.php(368): CodeIgniter\CodeIgniter->tryToRouteIt(Object(CodeIgniter\Router\RouteCollection))
#3 C:\xampp\htdocs\spp\system\CodeIgniter.php(326): CodeIgniter\CodeIgniter->handleRequest(NULL, Object(Config\Cache), false)
#4 C:\xampp\htdocs\spp\public\index.php(37): CodeIgniter\CodeIgniter->run()
#5 C:\xampp\htdocs\spp\system\Commands\Server\rewrite.php(43): require_once('C:\\xampp\\htdocs...')
#6 {main}
