CRITICAL - 2023-08-23 00:41:03 --> syntax error, unexpected '}', expecting end of file
#0 C:\xampp\htdocs\spp\system\View\View.php(213): CodeIgniter\View\View->CodeIgniter\View\{closure}()
#1 C:\xampp\htdocs\spp\system\Common.php(1089): CodeIgniter\View\View->render('invoice', Array, true)
#2 C:\xampp\htdocs\spp\app\Controllers\Home.php(788): view('invoice')
#3 C:\xampp\htdocs\spp\system\CodeIgniter.php(832): App\Controllers\Home->invoice()
#4 C:\xampp\htdocs\spp\system\CodeIgniter.php(419): CodeIgniter\CodeIgniter->runController(Object(App\Controllers\Home))
#5 C:\xampp\htdocs\spp\system\CodeIgniter.php(326): CodeIgniter\CodeIgniter->handleRequest(NULL, Object(Config\Cache), false)
#6 C:\xampp\htdocs\spp\public\index.php(37): CodeIgniter\CodeIgniter->run()
#7 C:\xampp\htdocs\spp\system\Commands\Server\rewrite.php(43): require_once('C:\\xampp\\htdocs...')
#8 {main}
CRITICAL - 2023-08-23 00:41:23 --> syntax error, unexpected '}', expecting end of file
#0 C:\xampp\htdocs\spp\system\View\View.php(213): CodeIgniter\View\View->CodeIgniter\View\{closure}()
#1 C:\xampp\htdocs\spp\system\Common.php(1089): CodeIgniter\View\View->render('invoice', Array, true)
#2 C:\xampp\htdocs\spp\app\Controllers\Home.php(788): view('invoice')
#3 C:\xampp\htdocs\spp\system\CodeIgniter.php(832): App\Controllers\Home->invoice()
#4 C:\xampp\htdocs\spp\system\CodeIgniter.php(419): CodeIgniter\CodeIgniter->runController(Object(App\Controllers\Home))
#5 C:\xampp\htdocs\spp\system\CodeIgniter.php(326): CodeIgniter\CodeIgniter->handleRequest(NULL, Object(Config\Cache), false)
#6 C:\xampp\htdocs\spp\public\index.php(37): CodeIgniter\CodeIgniter->run()
#7 C:\xampp\htdocs\spp\system\Commands\Server\rewrite.php(43): require_once('C:\\xampp\\htdocs...')
#8 {main}
CRITICAL - 2023-08-23 02:03:27 --> Argument 2 passed to view() must be of the type array, null given, called in C:\xampp\htdocs\spp\app\Controllers\Home.php on line 1006
#0 C:\xampp\htdocs\spp\app\Controllers\Home.php(1006): view('header', NULL)
#1 C:\xampp\htdocs\spp\system\CodeIgniter.php(832): App\Controllers\Home->employee_salary()
#2 C:\xampp\htdocs\spp\system\CodeIgniter.php(419): CodeIgniter\CodeIgniter->runController(Object(App\Controllers\Home))
#3 C:\xampp\htdocs\spp\system\CodeIgniter.php(326): CodeIgniter\CodeIgniter->handleRequest(NULL, Object(Config\Cache), false)
#4 C:\xampp\htdocs\spp\public\index.php(37): CodeIgniter\CodeIgniter->run()
#5 C:\xampp\htdocs\spp\system\Commands\Server\rewrite.php(43): require_once('C:\\xampp\\htdocs...')
#6 {main}
CRITICAL - 2023-08-23 02:11:59 --> Invalid file: add_user.php
#0 C:\xampp\htdocs\spp\system\View\View.php(198): CodeIgniter\Exceptions\FrameworkException::forInvalidFile('add_user.php')
#1 C:\xampp\htdocs\spp\system\Common.php(1089): CodeIgniter\View\View->render('add_user', Array, true)
#2 C:\xampp\htdocs\spp\app\Controllers\Home.php(334): view('add_user')
#3 C:\xampp\htdocs\spp\system\CodeIgniter.php(832): App\Controllers\Home->add_users()
#4 C:\xampp\htdocs\spp\system\CodeIgniter.php(419): CodeIgniter\CodeIgniter->runController(Object(App\Controllers\Home))
#5 C:\xampp\htdocs\spp\system\CodeIgniter.php(326): CodeIgniter\CodeIgniter->handleRequest(NULL, Object(Config\Cache), false)
#6 C:\xampp\htdocs\spp\public\index.php(37): CodeIgniter\CodeIgniter->run()
#7 C:\xampp\htdocs\spp\system\Commands\Server\rewrite.php(43): require_once('C:\\xampp\\htdocs...')
#8 {main}
CRITICAL - 2023-08-23 06:00:12 --> Invalid file: settings.php
#0 C:\xampp\htdocs\spp\system\View\View.php(198): CodeIgniter\Exceptions\FrameworkException::forInvalidFile('settings.php')
#1 C:\xampp\htdocs\spp\system\Common.php(1089): CodeIgniter\View\View->render('settings', Array, true)
#2 C:\xampp\htdocs\spp\app\Controllers\Home.php(1020): view('settings')
#3 C:\xampp\htdocs\spp\system\CodeIgniter.php(832): App\Controllers\Home->settings()
#4 C:\xampp\htdocs\spp\system\CodeIgniter.php(419): CodeIgniter\CodeIgniter->runController(Object(App\Controllers\Home))
#5 C:\xampp\htdocs\spp\system\CodeIgniter.php(326): CodeIgniter\CodeIgniter->handleRequest(NULL, Object(Config\Cache), false)
#6 C:\xampp\htdocs\spp\public\index.php(37): CodeIgniter\CodeIgniter->run()
#7 C:\xampp\htdocs\spp\system\Commands\Server\rewrite.php(43): require_once('C:\\xampp\\htdocs...')
#8 {main}
CRITICAL - 2023-08-23 06:00:44 --> Call to undefined function form_open()
#0 C:\xampp\htdocs\spp\system\View\View.php(210): include()
#1 C:\xampp\htdocs\spp\system\View\View.php(213): CodeIgniter\View\View->CodeIgniter\View\{closure}()
#2 C:\xampp\htdocs\spp\system\Common.php(1089): CodeIgniter\View\View->render('settings', Array, true)
#3 C:\xampp\htdocs\spp\app\Controllers\Home.php(1020): view('settings')
#4 C:\xampp\htdocs\spp\system\CodeIgniter.php(832): App\Controllers\Home->settings()
#5 C:\xampp\htdocs\spp\system\CodeIgniter.php(419): CodeIgniter\CodeIgniter->runController(Object(App\Controllers\Home))
#6 C:\xampp\htdocs\spp\system\CodeIgniter.php(326): CodeIgniter\CodeIgniter->handleRequest(NULL, Object(Config\Cache), false)
#7 C:\xampp\htdocs\spp\public\index.php(37): CodeIgniter\CodeIgniter->run()
#8 C:\xampp\htdocs\spp\system\Commands\Server\rewrite.php(43): require_once('C:\\xampp\\htdocs...')
#9 {main}
ERROR - 2023-08-23 06:17:54 --> Column 'id_pengguna_spp' cannot be null
ERROR - 2023-08-23 06:27:43 --> Table 'spp.settings_web' doesn't exist
CRITICAL - 2023-08-23 06:27:43 --> Call to a member function getRow() on bool
#0 C:\xampp\htdocs\spp\app\Controllers\Home.php(1028): App\Models\M_model->getRow('settings_web', Array)
#1 C:\xampp\htdocs\spp\system\CodeIgniter.php(832): App\Controllers\Home->settings()
#2 C:\xampp\htdocs\spp\system\CodeIgniter.php(419): CodeIgniter\CodeIgniter->runController(Object(App\Controllers\Home))
#3 C:\xampp\htdocs\spp\system\CodeIgniter.php(326): CodeIgniter\CodeIgniter->handleRequest(NULL, Object(Config\Cache), false)
#4 C:\xampp\htdocs\spp\public\index.php(37): CodeIgniter\CodeIgniter->run()
#5 C:\xampp\htdocs\spp\system\Commands\Server\rewrite.php(43): require_once('C:\\xampp\\htdocs...')
#6 {main}
ERROR - 2023-08-23 06:28:07 --> Table 'spp.settings_web' doesn't exist
CRITICAL - 2023-08-23 06:28:07 --> Call to a member function getRow() on bool
#0 C:\xampp\htdocs\spp\app\Controllers\Home.php(1028): App\Models\M_model->getRow('settings_web', Array)
#1 C:\xampp\htdocs\spp\system\CodeIgniter.php(832): App\Controllers\Home->settings()
#2 C:\xampp\htdocs\spp\system\CodeIgniter.php(419): CodeIgniter\CodeIgniter->runController(Object(App\Controllers\Home))
#3 C:\xampp\htdocs\spp\system\CodeIgniter.php(326): CodeIgniter\CodeIgniter->handleRequest(NULL, Object(Config\Cache), false)
#4 C:\xampp\htdocs\spp\public\index.php(37): CodeIgniter\CodeIgniter->run()
#5 C:\xampp\htdocs\spp\system\Commands\Server\rewrite.php(43): require_once('C:\\xampp\\htdocs...')
#6 {main}
ERROR - 2023-08-23 06:28:08 --> Table 'spp.settings_web' doesn't exist
CRITICAL - 2023-08-23 06:28:08 --> Call to a member function getRow() on bool
#0 C:\xampp\htdocs\spp\app\Controllers\Home.php(1028): App\Models\M_model->getRow('settings_web', Array)
#1 C:\xampp\htdocs\spp\system\CodeIgniter.php(832): App\Controllers\Home->settings()
#2 C:\xampp\htdocs\spp\system\CodeIgniter.php(419): CodeIgniter\CodeIgniter->runController(Object(App\Controllers\Home))
#3 C:\xampp\htdocs\spp\system\CodeIgniter.php(326): CodeIgniter\CodeIgniter->handleRequest(NULL, Object(Config\Cache), false)
#4 C:\xampp\htdocs\spp\public\index.php(37): CodeIgniter\CodeIgniter->run()
#5 C:\xampp\htdocs\spp\system\Commands\Server\rewrite.php(43): require_once('C:\\xampp\\htdocs...')
#6 {main}
ERROR - 2023-08-23 06:29:09 --> Table 'spp.settings_web' doesn't exist
CRITICAL - 2023-08-23 06:29:09 --> Call to a member function getRow() on bool
#0 C:\xampp\htdocs\spp\app\Controllers\Home.php(1026): App\Models\M_model->edit_pp('settings_web', Array)
#1 C:\xampp\htdocs\spp\system\CodeIgniter.php(832): App\Controllers\Home->settings()
#2 C:\xampp\htdocs\spp\system\CodeIgniter.php(419): CodeIgniter\CodeIgniter->runController(Object(App\Controllers\Home))
#3 C:\xampp\htdocs\spp\system\CodeIgniter.php(326): CodeIgniter\CodeIgniter->handleRequest(NULL, Object(Config\Cache), false)
#4 C:\xampp\htdocs\spp\public\index.php(37): CodeIgniter\CodeIgniter->run()
#5 C:\xampp\htdocs\spp\system\Commands\Server\rewrite.php(43): require_once('C:\\xampp\\htdocs...')
#6 {main}
ERROR - 2023-08-23 06:29:50 --> Table 'spp.settings_web' doesn't exist
CRITICAL - 2023-08-23 06:29:50 --> Call to a member function getRow() on bool
#0 C:\xampp\htdocs\spp\app\Controllers\Home.php(1026): App\Models\M_model->edit_pp('settings_web', Array)
#1 C:\xampp\htdocs\spp\system\CodeIgniter.php(832): App\Controllers\Home->settings()
#2 C:\xampp\htdocs\spp\system\CodeIgniter.php(419): CodeIgniter\CodeIgniter->runController(Object(App\Controllers\Home))
#3 C:\xampp\htdocs\spp\system\CodeIgniter.php(326): CodeIgniter\CodeIgniter->handleRequest(NULL, Object(Config\Cache), false)
#4 C:\xampp\htdocs\spp\public\index.php(37): CodeIgniter\CodeIgniter->run()
#5 C:\xampp\htdocs\spp\system\Commands\Server\rewrite.php(43): require_once('C:\\xampp\\htdocs...')
#6 {main}
ERROR - 2023-08-23 06:29:51 --> Table 'spp.settings_web' doesn't exist
CRITICAL - 2023-08-23 06:29:51 --> Call to a member function getRow() on bool
#0 C:\xampp\htdocs\spp\app\Controllers\Home.php(1026): App\Models\M_model->edit_pp('settings_web', Array)
#1 C:\xampp\htdocs\spp\system\CodeIgniter.php(832): App\Controllers\Home->settings()
#2 C:\xampp\htdocs\spp\system\CodeIgniter.php(419): CodeIgniter\CodeIgniter->runController(Object(App\Controllers\Home))
#3 C:\xampp\htdocs\spp\system\CodeIgniter.php(326): CodeIgniter\CodeIgniter->handleRequest(NULL, Object(Config\Cache), false)
#4 C:\xampp\htdocs\spp\public\index.php(37): CodeIgniter\CodeIgniter->run()
#5 C:\xampp\htdocs\spp\system\Commands\Server\rewrite.php(43): require_once('C:\\xampp\\htdocs...')
#6 {main}
ERROR - 2023-08-23 06:29:51 --> Table 'spp.settings_web' doesn't exist
CRITICAL - 2023-08-23 06:29:51 --> Call to a member function getRow() on bool
#0 C:\xampp\htdocs\spp\app\Controllers\Home.php(1026): App\Models\M_model->edit_pp('settings_web', Array)
#1 C:\xampp\htdocs\spp\system\CodeIgniter.php(832): App\Controllers\Home->settings()
#2 C:\xampp\htdocs\spp\system\CodeIgniter.php(419): CodeIgniter\CodeIgniter->runController(Object(App\Controllers\Home))
#3 C:\xampp\htdocs\spp\system\CodeIgniter.php(326): CodeIgniter\CodeIgniter->handleRequest(NULL, Object(Config\Cache), false)
#4 C:\xampp\htdocs\spp\public\index.php(37): CodeIgniter\CodeIgniter->run()
#5 C:\xampp\htdocs\spp\system\Commands\Server\rewrite.php(43): require_once('C:\\xampp\\htdocs...')
#6 {main}
ERROR - 2023-08-23 06:29:54 --> Table 'spp.settings_web' doesn't exist
CRITICAL - 2023-08-23 06:29:54 --> Call to a member function getRow() on bool
#0 C:\xampp\htdocs\spp\app\Controllers\Home.php(1026): App\Models\M_model->edit_pp('settings_web', Array)
#1 C:\xampp\htdocs\spp\system\CodeIgniter.php(832): App\Controllers\Home->settings()
#2 C:\xampp\htdocs\spp\system\CodeIgniter.php(419): CodeIgniter\CodeIgniter->runController(Object(App\Controllers\Home))
#3 C:\xampp\htdocs\spp\system\CodeIgniter.php(326): CodeIgniter\CodeIgniter->handleRequest(NULL, Object(Config\Cache), false)
#4 C:\xampp\htdocs\spp\public\index.php(37): CodeIgniter\CodeIgniter->run()
#5 C:\xampp\htdocs\spp\system\Commands\Server\rewrite.php(43): require_once('C:\\xampp\\htdocs...')
#6 {main}
CRITICAL - 2023-08-23 06:36:42 --> Call to a member function getRandomName() on null
#0 C:\xampp\htdocs\spp\system\CodeIgniter.php(832): App\Controllers\Home->aksi_change_website_settings()
#1 C:\xampp\htdocs\spp\system\CodeIgniter.php(419): CodeIgniter\CodeIgniter->runController(Object(App\Controllers\Home))
#2 C:\xampp\htdocs\spp\system\CodeIgniter.php(326): CodeIgniter\CodeIgniter->handleRequest(NULL, Object(Config\Cache), false)
#3 C:\xampp\htdocs\spp\public\index.php(37): CodeIgniter\CodeIgniter->run()
#4 C:\xampp\htdocs\spp\system\Commands\Server\rewrite.php(43): require_once('C:\\xampp\\htdocs...')
#5 {main}
CRITICAL - 2023-08-23 06:37:02 --> Call to a member function getRandomName() on null
#0 C:\xampp\htdocs\spp\system\CodeIgniter.php(832): App\Controllers\Home->aksi_change_website_settings()
#1 C:\xampp\htdocs\spp\system\CodeIgniter.php(419): CodeIgniter\CodeIgniter->runController(Object(App\Controllers\Home))
#2 C:\xampp\htdocs\spp\system\CodeIgniter.php(326): CodeIgniter\CodeIgniter->handleRequest(NULL, Object(Config\Cache), false)
#3 C:\xampp\htdocs\spp\public\index.php(37): CodeIgniter\CodeIgniter->run()
#4 C:\xampp\htdocs\spp\system\Commands\Server\rewrite.php(43): require_once('C:\\xampp\\htdocs...')
#5 {main}
CRITICAL - 2023-08-23 06:54:33 --> Call to a member function getRandomName() on null
#0 C:\xampp\htdocs\spp\system\CodeIgniter.php(832): App\Controllers\Home->aksi_change_website_settings()
#1 C:\xampp\htdocs\spp\system\CodeIgniter.php(419): CodeIgniter\CodeIgniter->runController(Object(App\Controllers\Home))
#2 C:\xampp\htdocs\spp\system\CodeIgniter.php(326): CodeIgniter\CodeIgniter->handleRequest(NULL, Object(Config\Cache), false)
#3 C:\xampp\htdocs\spp\public\index.php(37): CodeIgniter\CodeIgniter->run()
#4 C:\xampp\htdocs\spp\system\Commands\Server\rewrite.php(43): require_once('C:\\xampp\\htdocs...')
#5 {main}
CRITICAL - 2023-08-23 06:55:17 --> Call to a member function getRandomName() on null
#0 C:\xampp\htdocs\spp\system\CodeIgniter.php(832): App\Controllers\Home->aksi_change_website_settings()
#1 C:\xampp\htdocs\spp\system\CodeIgniter.php(419): CodeIgniter\CodeIgniter->runController(Object(App\Controllers\Home))
#2 C:\xampp\htdocs\spp\system\CodeIgniter.php(326): CodeIgniter\CodeIgniter->handleRequest(NULL, Object(Config\Cache), false)
#3 C:\xampp\htdocs\spp\public\index.php(37): CodeIgniter\CodeIgniter->run()
#4 C:\xampp\htdocs\spp\system\Commands\Server\rewrite.php(43): require_once('C:\\xampp\\htdocs...')
#5 {main}
CRITICAL - 2023-08-23 08:02:20 --> Invalid argument supplied for foreach()
#0 C:\xampp\htdocs\spp\app\Views\employee_salary_spp\view\employee_salary.php(25): CodeIgniter\Debug\Exceptions->errorHandler(2, 'Invalid argumen...', 'C:\\xampp\\htdocs...', 25, Array)
#1 C:\xampp\htdocs\spp\system\View\View.php(210): include('C:\\xampp\\htdocs...')
#2 C:\xampp\htdocs\spp\system\View\View.php(213): CodeIgniter\View\View->CodeIgniter\View\{closure}()
#3 C:\xampp\htdocs\spp\system\Common.php(1089): CodeIgniter\View\View->render('employee_salary...', Array, true)
#4 C:\xampp\htdocs\spp\app\Controllers\Home.php(1009): view('employee_salary...')
#5 C:\xampp\htdocs\spp\system\CodeIgniter.php(832): App\Controllers\Home->employee_salary()
#6 C:\xampp\htdocs\spp\system\CodeIgniter.php(419): CodeIgniter\CodeIgniter->runController(Object(App\Controllers\Home))
#7 C:\xampp\htdocs\spp\system\CodeIgniter.php(326): CodeIgniter\CodeIgniter->handleRequest(NULL, Object(Config\Cache), false)
#8 C:\xampp\htdocs\spp\public\index.php(37): CodeIgniter\CodeIgniter->run()
#9 C:\xampp\htdocs\spp\system\Commands\Server\rewrite.php(43): require_once('C:\\xampp\\htdocs...')
#10 {main}
CRITICAL - 2023-08-23 08:02:32 --> Invalid argument supplied for foreach()
#0 C:\xampp\htdocs\spp\app\Views\employee_salary_spp\view\employee_salary.php(25): CodeIgniter\Debug\Exceptions->errorHandler(2, 'Invalid argumen...', 'C:\\xampp\\htdocs...', 25, Array)
#1 C:\xampp\htdocs\spp\system\View\View.php(210): include('C:\\xampp\\htdocs...')
#2 C:\xampp\htdocs\spp\system\View\View.php(213): CodeIgniter\View\View->CodeIgniter\View\{closure}()
#3 C:\xampp\htdocs\spp\system\Common.php(1089): CodeIgniter\View\View->render('employee_salary...', Array, true)
#4 C:\xampp\htdocs\spp\app\Controllers\Home.php(1009): view('employee_salary...')
#5 C:\xampp\htdocs\spp\system\CodeIgniter.php(832): App\Controllers\Home->employee_salary()
#6 C:\xampp\htdocs\spp\system\CodeIgniter.php(419): CodeIgniter\CodeIgniter->runController(Object(App\Controllers\Home))
#7 C:\xampp\htdocs\spp\system\CodeIgniter.php(326): CodeIgniter\CodeIgniter->handleRequest(NULL, Object(Config\Cache), false)
#8 C:\xampp\htdocs\spp\public\index.php(37): CodeIgniter\CodeIgniter->run()
#9 C:\xampp\htdocs\spp\system\Commands\Server\rewrite.php(43): require_once('C:\\xampp\\htdocs...')
#10 {main}
ERROR - 2023-08-23 08:52:39 --> Column 'deskripsi_gaji' cannot be null
CRITICAL - 2023-08-23 08:58:13 --> Cannot redeclare App\Controllers\Home::edit_invoice()
#0 [internal function]: CodeIgniter\Debug\Exceptions->shutdownHandler()
#1 {main}
CRITICAL - 2023-08-23 09:38:21 --> syntax error, unexpected 'else' (T_ELSE), expecting function (T_FUNCTION) or const (T_CONST)
#0 C:\xampp\htdocs\spp\system\Router\Router.php(175): CodeIgniter\Router\Router->autoRoute('home/invoice')
#1 C:\xampp\htdocs\spp\system\CodeIgniter.php(726): CodeIgniter\Router\Router->handle('home/invoice')
#2 C:\xampp\htdocs\spp\system\CodeIgniter.php(368): CodeIgniter\CodeIgniter->tryToRouteIt(Object(CodeIgniter\Router\RouteCollection))
#3 C:\xampp\htdocs\spp\system\CodeIgniter.php(326): CodeIgniter\CodeIgniter->handleRequest(NULL, Object(Config\Cache), false)
#4 C:\xampp\htdocs\spp\public\index.php(37): CodeIgniter\CodeIgniter->run()
#5 C:\xampp\htdocs\spp\system\Commands\Server\rewrite.php(43): require_once('C:\\xampp\\htdocs...')
#6 {main}
ERROR - 2023-08-23 09:53:46 --> Unknown column 'pengguna.id_pengguna_spp' in 'where clause'
CRITICAL - 2023-08-23 09:53:46 --> Call to a member function getResult() on bool
#0 C:\xampp\htdocs\spp\app\Controllers\Home.php(786): App\Models\M_model->superData('spp', 'pengguna', 'user', 'spp.id_pengguna...', 'spp.maker_spp=u...', Array)
#1 C:\xampp\htdocs\spp\system\CodeIgniter.php(832): App\Controllers\Home->invoice()
#2 C:\xampp\htdocs\spp\system\CodeIgniter.php(419): CodeIgniter\CodeIgniter->runController(Object(App\Controllers\Home))
#3 C:\xampp\htdocs\spp\system\CodeIgniter.php(326): CodeIgniter\CodeIgniter->handleRequest(NULL, Object(Config\Cache), false)
#4 C:\xampp\htdocs\spp\public\index.php(37): CodeIgniter\CodeIgniter->run()
#5 C:\xampp\htdocs\spp\system\Commands\Server\rewrite.php(43): require_once('C:\\xampp\\htdocs...')
#6 {main}
ERROR - 2023-08-23 09:54:25 --> Unknown column 'spp.id_pengguna' in 'where clause'
CRITICAL - 2023-08-23 09:54:25 --> Call to a member function getResult() on bool
#0 C:\xampp\htdocs\spp\app\Controllers\Home.php(786): App\Models\M_model->superData('spp', 'pengguna', 'user', 'spp.id_pengguna...', 'spp.maker_spp=u...', Array)
#1 C:\xampp\htdocs\spp\system\CodeIgniter.php(832): App\Controllers\Home->invoice()
#2 C:\xampp\htdocs\spp\system\CodeIgniter.php(419): CodeIgniter\CodeIgniter->runController(Object(App\Controllers\Home))
#3 C:\xampp\htdocs\spp\system\CodeIgniter.php(326): CodeIgniter\CodeIgniter->handleRequest(NULL, Object(Config\Cache), false)
#4 C:\xampp\htdocs\spp\public\index.php(37): CodeIgniter\CodeIgniter->run()
#5 C:\xampp\htdocs\spp\system\Commands\Server\rewrite.php(43): require_once('C:\\xampp\\htdocs...')
#6 {main}
