CRITICAL - 2023-08-29 00:14:29 --> Call to a member function isValid() on null
#0 C:\xampp\htdocs\spp\system\CodeIgniter.php(832): App\Controllers\Home->aksi_add_bayar_invoice()
#1 C:\xampp\htdocs\spp\system\CodeIgniter.php(419): CodeIgniter\CodeIgniter->runController(Object(App\Controllers\Home))
#2 C:\xampp\htdocs\spp\system\CodeIgniter.php(326): CodeIgniter\CodeIgniter->handleRequest(NULL, Object(Config\Cache), false)
#3 C:\xampp\htdocs\spp\public\index.php(37): CodeIgniter\CodeIgniter->run()
#4 C:\xampp\htdocs\spp\system\Commands\Server\rewrite.php(43): require_once('C:\\xampp\\htdocs...')
#5 {main}
CRITICAL - 2023-08-29 00:15:43 --> Call to a member function isValid() on null
#0 C:\xampp\htdocs\spp\system\CodeIgniter.php(832): App\Controllers\Home->aksi_add_bayar_invoice()
#1 C:\xampp\htdocs\spp\system\CodeIgniter.php(419): CodeIgniter\CodeIgniter->runController(Object(App\Controllers\Home))
#2 C:\xampp\htdocs\spp\system\CodeIgniter.php(326): CodeIgniter\CodeIgniter->handleRequest(NULL, Object(Config\Cache), false)
#3 C:\xampp\htdocs\spp\public\index.php(37): CodeIgniter\CodeIgniter->run()
#4 C:\xampp\htdocs\spp\system\Commands\Server\rewrite.php(43): require_once('C:\\xampp\\htdocs...')
#5 {main}
CRITICAL - 2023-08-29 00:15:50 --> Too few arguments to function App\Controllers\Home::add_bayar_invoice(), 0 passed in C:\xampp\htdocs\spp\system\CodeIgniter.php on line 832 and exactly 1 expected
#0 C:\xampp\htdocs\spp\system\CodeIgniter.php(832): App\Controllers\Home->add_bayar_invoice()
#1 C:\xampp\htdocs\spp\system\CodeIgniter.php(419): CodeIgniter\CodeIgniter->runController(Object(App\Controllers\Home))
#2 C:\xampp\htdocs\spp\system\CodeIgniter.php(326): CodeIgniter\CodeIgniter->handleRequest(NULL, Object(Config\Cache), false)
#3 C:\xampp\htdocs\spp\public\index.php(37): CodeIgniter\CodeIgniter->run()
#4 C:\xampp\htdocs\spp\system\Commands\Server\rewrite.php(43): require_once('C:\\xampp\\htdocs...')
#5 {main}
CRITICAL - 2023-08-29 00:24:44 --> Call to a member function isValid() on null
#0 C:\xampp\htdocs\spp\system\CodeIgniter.php(832): App\Controllers\Home->aksi_add_bayar_invoice()
#1 C:\xampp\htdocs\spp\system\CodeIgniter.php(419): CodeIgniter\CodeIgniter->runController(Object(App\Controllers\Home))
#2 C:\xampp\htdocs\spp\system\CodeIgniter.php(326): CodeIgniter\CodeIgniter->handleRequest(NULL, Object(Config\Cache), false)
#3 C:\xampp\htdocs\spp\public\index.php(37): CodeIgniter\CodeIgniter->run()
#4 C:\xampp\htdocs\spp\system\Commands\Server\rewrite.php(43): require_once('C:\\xampp\\htdocs...')
#5 {main}
CRITICAL - 2023-08-29 00:24:58 --> Call to a member function isValid() on null
#0 C:\xampp\htdocs\spp\system\CodeIgniter.php(832): App\Controllers\Home->aksi_add_bayar_invoice()
#1 C:\xampp\htdocs\spp\system\CodeIgniter.php(419): CodeIgniter\CodeIgniter->runController(Object(App\Controllers\Home))
#2 C:\xampp\htdocs\spp\system\CodeIgniter.php(326): CodeIgniter\CodeIgniter->handleRequest(NULL, Object(Config\Cache), false)
#3 C:\xampp\htdocs\spp\public\index.php(37): CodeIgniter\CodeIgniter->run()
#4 C:\xampp\htdocs\spp\system\Commands\Server\rewrite.php(43): require_once('C:\\xampp\\htdocs...')
#5 {main}
CRITICAL - 2023-08-29 01:49:58 --> Too few arguments to function App\Controllers\Home::download(), 0 passed in C:\xampp\htdocs\spp\system\CodeIgniter.php on line 832 and exactly 1 expected
#0 C:\xampp\htdocs\spp\system\CodeIgniter.php(832): App\Controllers\Home->download()
#1 C:\xampp\htdocs\spp\system\CodeIgniter.php(419): CodeIgniter\CodeIgniter->runController(Object(App\Controllers\Home))
#2 C:\xampp\htdocs\spp\system\CodeIgniter.php(326): CodeIgniter\CodeIgniter->handleRequest(NULL, Object(Config\Cache), false)
#3 C:\xampp\htdocs\spp\public\index.php(37): CodeIgniter\CodeIgniter->run()
#4 C:\xampp\htdocs\spp\system\Commands\Server\rewrite.php(43): require_once('C:\\xampp\\htdocs...')
#5 {main}
CRITICAL - 2023-08-29 02:25:41 --> readfile(C:\xampp\htdocs\spp\public\bukti/): failed to open stream: No such file or directory
#0 [internal function]: CodeIgniter\Debug\Exceptions->errorHandler(2, 'readfile(C:\\xam...', 'C:\\xampp\\htdocs...', 2100, Array)
#1 C:\xampp\htdocs\spp\app\Controllers\Home.php(2100): readfile('C:\\xampp\\htdocs...')
#2 C:\xampp\htdocs\spp\system\CodeIgniter.php(832): App\Controllers\Home->download('1693228519_6540...')
#3 C:\xampp\htdocs\spp\system\CodeIgniter.php(419): CodeIgniter\CodeIgniter->runController(Object(App\Controllers\Home))
#4 C:\xampp\htdocs\spp\system\CodeIgniter.php(326): CodeIgniter\CodeIgniter->handleRequest(NULL, Object(Config\Cache), false)
#5 C:\xampp\htdocs\spp\public\index.php(37): CodeIgniter\CodeIgniter->run()
#6 C:\xampp\htdocs\spp\system\Commands\Server\rewrite.php(43): require_once('C:\\xampp\\htdocs...')
#7 {main}
CRITICAL - 2023-08-29 02:25:42 --> readfile(C:\xampp\htdocs\spp\public\bukti/): failed to open stream: No such file or directory
#0 [internal function]: CodeIgniter\Debug\Exceptions->errorHandler(2, 'readfile(C:\\xam...', 'C:\\xampp\\htdocs...', 2100, Array)
#1 C:\xampp\htdocs\spp\app\Controllers\Home.php(2100): readfile('C:\\xampp\\htdocs...')
#2 C:\xampp\htdocs\spp\system\CodeIgniter.php(832): App\Controllers\Home->download('1693228519_6540...')
#3 C:\xampp\htdocs\spp\system\CodeIgniter.php(419): CodeIgniter\CodeIgniter->runController(Object(App\Controllers\Home))
#4 C:\xampp\htdocs\spp\system\CodeIgniter.php(326): CodeIgniter\CodeIgniter->handleRequest(NULL, Object(Config\Cache), false)
#5 C:\xampp\htdocs\spp\public\index.php(37): CodeIgniter\CodeIgniter->run()
#6 C:\xampp\htdocs\spp\system\Commands\Server\rewrite.php(43): require_once('C:\\xampp\\htdocs...')
#7 {main}
CRITICAL - 2023-08-29 02:27:54 --> Too few arguments to function App\Controllers\Home::download(), 0 passed in C:\xampp\htdocs\spp\system\CodeIgniter.php on line 832 and exactly 1 expected
#0 C:\xampp\htdocs\spp\system\CodeIgniter.php(832): App\Controllers\Home->download()
#1 C:\xampp\htdocs\spp\system\CodeIgniter.php(419): CodeIgniter\CodeIgniter->runController(Object(App\Controllers\Home))
#2 C:\xampp\htdocs\spp\system\CodeIgniter.php(326): CodeIgniter\CodeIgniter->handleRequest(NULL, Object(Config\Cache), false)
#3 C:\xampp\htdocs\spp\public\index.php(37): CodeIgniter\CodeIgniter->run()
#4 C:\xampp\htdocs\spp\system\Commands\Server\rewrite.php(43): require_once('C:\\xampp\\htdocs...')
#5 {main}
CRITICAL - 2023-08-29 06:25:20 --> Too few arguments to function App\Controllers\Home::download(), 0 passed in C:\xampp\htdocs\spp\system\CodeIgniter.php on line 832 and exactly 1 expected
#0 C:\xampp\htdocs\spp\system\CodeIgniter.php(832): App\Controllers\Home->download()
#1 C:\xampp\htdocs\spp\system\CodeIgniter.php(419): CodeIgniter\CodeIgniter->runController(Object(App\Controllers\Home))
#2 C:\xampp\htdocs\spp\system\CodeIgniter.php(326): CodeIgniter\CodeIgniter->handleRequest(NULL, Object(Config\Cache), false)
#3 C:\xampp\htdocs\spp\public\index.php(37): CodeIgniter\CodeIgniter->run()
#4 C:\xampp\htdocs\spp\system\Commands\Server\rewrite.php(43): require_once('C:\\xampp\\htdocs...')
#5 {main}
CRITICAL - 2023-08-29 06:43:20 --> Class 'App\Controllers\DateTime' not found
#0 C:\xampp\htdocs\spp\system\CodeIgniter.php(832): App\Controllers\Home->aksi_add_invoice()
#1 C:\xampp\htdocs\spp\system\CodeIgniter.php(419): CodeIgniter\CodeIgniter->runController(Object(App\Controllers\Home))
#2 C:\xampp\htdocs\spp\system\CodeIgniter.php(326): CodeIgniter\CodeIgniter->handleRequest(NULL, Object(Config\Cache), false)
#3 C:\xampp\htdocs\spp\public\index.php(37): CodeIgniter\CodeIgniter->run()
#4 C:\xampp\htdocs\spp\system\Commands\Server\rewrite.php(43): require_once('C:\\xampp\\htdocs...')
#5 {main}
CRITICAL - 2023-08-29 06:45:19 --> Class 'App\Controllers\DateTime' not found
#0 C:\xampp\htdocs\spp\system\CodeIgniter.php(832): App\Controllers\Home->aksi_add_invoice()
#1 C:\xampp\htdocs\spp\system\CodeIgniter.php(419): CodeIgniter\CodeIgniter->runController(Object(App\Controllers\Home))
#2 C:\xampp\htdocs\spp\system\CodeIgniter.php(326): CodeIgniter\CodeIgniter->handleRequest(NULL, Object(Config\Cache), false)
#3 C:\xampp\htdocs\spp\public\index.php(37): CodeIgniter\CodeIgniter->run()
#4 C:\xampp\htdocs\spp\system\Commands\Server\rewrite.php(43): require_once('C:\\xampp\\htdocs...')
#5 {main}
ERROR - 2023-08-29 23:11:04 --> Unknown column 'kelas.maker_paket' in 'on clause'
CRITICAL - 2023-08-29 23:11:04 --> Call to a member function getResult() on bool
#0 C:\xampp\htdocs\spp\app\Controllers\Home.php(2110): App\Models\M_model->fusionOderBy('kelas', 'user', 'kelas.maker_pak...', 'tanggal_paket')
#1 C:\xampp\htdocs\spp\system\CodeIgniter.php(832): App\Controllers\Home->packet()
#2 C:\xampp\htdocs\spp\system\CodeIgniter.php(419): CodeIgniter\CodeIgniter->runController(Object(App\Controllers\Home))
#3 C:\xampp\htdocs\spp\system\CodeIgniter.php(326): CodeIgniter\CodeIgniter->handleRequest(NULL, Object(Config\Cache), false)
#4 C:\xampp\htdocs\spp\public\index.php(37): CodeIgniter\CodeIgniter->run()
#5 C:\xampp\htdocs\spp\system\Commands\Server\rewrite.php(43): require_once('C:\\xampp\\htdocs...')
#6 {main}
CRITICAL - 2023-08-29 23:36:02 --> Too few arguments to function App\Models\M_model::sOderBy(), 11 passed in C:\xampp\htdocs\spp\app\Controllers\Home.php on line 654 and exactly 12 expected
#0 C:\xampp\htdocs\spp\app\Controllers\Home.php(654): App\Models\M_model->sOderBy('siswa', 'kelas', 'jurusan', 'rombel', 'paket', 'user', 'siswa.id_kelas_...', 'siswa.id_jurusa...', 'siswa.id_rombel...', 'siswa.harga_pak...', 'tanggal_siswa')
#1 C:\xampp\htdocs\spp\system\CodeIgniter.php(832): App\Controllers\Home->add_students()
#2 C:\xampp\htdocs\spp\system\CodeIgniter.php(419): CodeIgniter\CodeIgniter->runController(Object(App\Controllers\Home))
#3 C:\xampp\htdocs\spp\system\CodeIgniter.php(326): CodeIgniter\CodeIgniter->handleRequest(NULL, Object(Config\Cache), false)
#4 C:\xampp\htdocs\spp\public\index.php(37): CodeIgniter\CodeIgniter->run()
#5 C:\xampp\htdocs\spp\system\Commands\Server\rewrite.php(43): require_once('C:\\xampp\\htdocs...')
#6 {main}
CRITICAL - 2023-08-29 23:36:22 --> Too few arguments to function App\Models\M_model::sOderBy(), 11 passed in C:\xampp\htdocs\spp\app\Controllers\Home.php on line 654 and exactly 12 expected
#0 C:\xampp\htdocs\spp\app\Controllers\Home.php(654): App\Models\M_model->sOderBy('siswa', 'kelas', 'jurusan', 'rombel', 'paket', 'user', 'siswa.id_kelas_...', 'siswa.id_jurusa...', 'siswa.id_rombel...', 'siswa.harga_pak...', 'tanggal_siswa')
#1 C:\xampp\htdocs\spp\system\CodeIgniter.php(832): App\Controllers\Home->add_students()
#2 C:\xampp\htdocs\spp\system\CodeIgniter.php(419): CodeIgniter\CodeIgniter->runController(Object(App\Controllers\Home))
#3 C:\xampp\htdocs\spp\system\CodeIgniter.php(326): CodeIgniter\CodeIgniter->handleRequest(NULL, Object(Config\Cache), false)
#4 C:\xampp\htdocs\spp\public\index.php(37): CodeIgniter\CodeIgniter->run()
#5 C:\xampp\htdocs\spp\system\Commands\Server\rewrite.php(43): require_once('C:\\xampp\\htdocs...')
#6 {main}
ERROR - 2023-08-29 23:37:48 --> Unknown column 'paket.id_rombel' in 'on clause'
CRITICAL - 2023-08-29 23:37:48 --> Call to a member function getResult() on bool
#0 C:\xampp\htdocs\spp\app\Controllers\Home.php(654): App\Models\M_model->sOderBy('siswa', 'kelas', 'jurusan', 'rombel', 'paket', 'user', 'siswa.id_kelas_...', 'siswa.id_jurusa...', 'siswa.id_rombel...', 'siswa.harga_pak...', 'siswa.maker_sis...', 'tanggal_siswa')
#1 C:\xampp\htdocs\spp\system\CodeIgniter.php(832): App\Controllers\Home->add_students()
#2 C:\xampp\htdocs\spp\system\CodeIgniter.php(419): CodeIgniter\CodeIgniter->runController(Object(App\Controllers\Home))
#3 C:\xampp\htdocs\spp\system\CodeIgniter.php(326): CodeIgniter\CodeIgniter->handleRequest(NULL, Object(Config\Cache), false)
#4 C:\xampp\htdocs\spp\public\index.php(37): CodeIgniter\CodeIgniter->run()
#5 C:\xampp\htdocs\spp\system\Commands\Server\rewrite.php(43): require_once('C:\\xampp\\htdocs...')
#6 {main}
ERROR - 2023-08-29 23:39:57 --> Unknown column 'paket.id_rombel' in 'on clause'
CRITICAL - 2023-08-29 23:39:57 --> Call to a member function getResult() on bool
#0 C:\xampp\htdocs\spp\app\Controllers\Home.php(654): App\Models\M_model->sOderBy('siswa', 'kelas', 'jurusan', 'rombel', 'paket', 'user', 'siswa.id_kelas_...', 'siswa.id_jurusa...', 'siswa.id_rombel...', 'siswa.harga_pak...', 'siswa.maker_sis...', 'tanggal_siswa')
#1 C:\xampp\htdocs\spp\system\CodeIgniter.php(832): App\Controllers\Home->add_students()
#2 C:\xampp\htdocs\spp\system\CodeIgniter.php(419): CodeIgniter\CodeIgniter->runController(Object(App\Controllers\Home))
#3 C:\xampp\htdocs\spp\system\CodeIgniter.php(326): CodeIgniter\CodeIgniter->handleRequest(NULL, Object(Config\Cache), false)
#4 C:\xampp\htdocs\spp\public\index.php(37): CodeIgniter\CodeIgniter->run()
#5 C:\xampp\htdocs\spp\system\Commands\Server\rewrite.php(43): require_once('C:\\xampp\\htdocs...')
#6 {main}
ERROR - 2023-08-29 23:40:51 --> Unknown column 'paket.id_rombel' in 'on clause'
CRITICAL - 2023-08-29 23:40:51 --> Call to a member function getResult() on bool
#0 C:\xampp\htdocs\spp\app\Controllers\Home.php(654): App\Models\M_model->sOderBy('siswa', 'kelas', 'jurusan', 'rombel', 'paket', 'user', 'siswa.id_kelas_...', 'siswa.id_jurusa...', 'siswa.id_rombel...', 'siswa.harga_pak...', 'siswa.maker_sis...', 'tanggal_siswa')
#1 C:\xampp\htdocs\spp\system\CodeIgniter.php(832): App\Controllers\Home->add_students()
#2 C:\xampp\htdocs\spp\system\CodeIgniter.php(419): CodeIgniter\CodeIgniter->runController(Object(App\Controllers\Home))
#3 C:\xampp\htdocs\spp\system\CodeIgniter.php(326): CodeIgniter\CodeIgniter->handleRequest(NULL, Object(Config\Cache), false)
#4 C:\xampp\htdocs\spp\public\index.php(37): CodeIgniter\CodeIgniter->run()
#5 C:\xampp\htdocs\spp\system\Commands\Server\rewrite.php(43): require_once('C:\\xampp\\htdocs...')
#6 {main}
ERROR - 2023-08-29 23:41:28 --> Unknown column 'paket.id_rombel' in 'on clause'
CRITICAL - 2023-08-29 23:41:28 --> Call to a member function getResult() on bool
#0 C:\xampp\htdocs\spp\app\Controllers\Home.php(654): App\Models\M_model->sOderBy('siswa', 'kelas', 'jurusan', 'rombel', 'paket', 'user', 'siswa.id_kelas_...', 'siswa.id_jurusa...', 'siswa.id_rombel...', 'siswa.id_paket_...', 'siswa.maker_sis...', 'tanggal_siswa')
#1 C:\xampp\htdocs\spp\system\CodeIgniter.php(832): App\Controllers\Home->add_students()
#2 C:\xampp\htdocs\spp\system\CodeIgniter.php(419): CodeIgniter\CodeIgniter->runController(Object(App\Controllers\Home))
#3 C:\xampp\htdocs\spp\system\CodeIgniter.php(326): CodeIgniter\CodeIgniter->handleRequest(NULL, Object(Config\Cache), false)
#4 C:\xampp\htdocs\spp\public\index.php(37): CodeIgniter\CodeIgniter->run()
#5 C:\xampp\htdocs\spp\system\Commands\Server\rewrite.php(43): require_once('C:\\xampp\\htdocs...')
#6 {main}
ERROR - 2023-08-29 23:41:29 --> Unknown column 'paket.id_rombel' in 'on clause'
CRITICAL - 2023-08-29 23:41:29 --> Call to a member function getResult() on bool
#0 C:\xampp\htdocs\spp\app\Controllers\Home.php(654): App\Models\M_model->sOderBy('siswa', 'kelas', 'jurusan', 'rombel', 'paket', 'user', 'siswa.id_kelas_...', 'siswa.id_jurusa...', 'siswa.id_rombel...', 'siswa.id_paket_...', 'siswa.maker_sis...', 'tanggal_siswa')
#1 C:\xampp\htdocs\spp\system\CodeIgniter.php(832): App\Controllers\Home->add_students()
#2 C:\xampp\htdocs\spp\system\CodeIgniter.php(419): CodeIgniter\CodeIgniter->runController(Object(App\Controllers\Home))
#3 C:\xampp\htdocs\spp\system\CodeIgniter.php(326): CodeIgniter\CodeIgniter->handleRequest(NULL, Object(Config\Cache), false)
#4 C:\xampp\htdocs\spp\public\index.php(37): CodeIgniter\CodeIgniter->run()
#5 C:\xampp\htdocs\spp\system\Commands\Server\rewrite.php(43): require_once('C:\\xampp\\htdocs...')
#6 {main}
ERROR - 2023-08-29 23:41:32 --> Unknown column 'paket.id_rombel' in 'on clause'
CRITICAL - 2023-08-29 23:41:32 --> Call to a member function getResult() on bool
#0 C:\xampp\htdocs\spp\app\Controllers\Home.php(654): App\Models\M_model->sOderBy('siswa', 'kelas', 'jurusan', 'rombel', 'paket', 'user', 'siswa.id_kelas_...', 'siswa.id_jurusa...', 'siswa.id_rombel...', 'siswa.id_paket_...', 'siswa.maker_sis...', 'tanggal_siswa')
#1 C:\xampp\htdocs\spp\system\CodeIgniter.php(832): App\Controllers\Home->add_students()
#2 C:\xampp\htdocs\spp\system\CodeIgniter.php(419): CodeIgniter\CodeIgniter->runController(Object(App\Controllers\Home))
#3 C:\xampp\htdocs\spp\system\CodeIgniter.php(326): CodeIgniter\CodeIgniter->handleRequest(NULL, Object(Config\Cache), false)
#4 C:\xampp\htdocs\spp\public\index.php(37): CodeIgniter\CodeIgniter->run()
#5 C:\xampp\htdocs\spp\system\Commands\Server\rewrite.php(43): require_once('C:\\xampp\\htdocs...')
#6 {main}
ERROR - 2023-08-29 23:42:24 --> Unknown column 'paket.id_rombel' in 'on clause'
CRITICAL - 2023-08-29 23:42:24 --> Call to a member function getResult() on bool
#0 C:\xampp\htdocs\spp\app\Controllers\Home.php(654): App\Models\M_model->sOderBy('siswa', 'kelas', 'jurusan', 'rombel', 'paket', 'user', 'siswa.id_kelas_...', 'siswa.id_jurusa...', 'siswa.id_rombel...', 'siswa.id_paket_...', 'siswa.maker_sis...', 'tanggal_siswa')
#1 C:\xampp\htdocs\spp\system\CodeIgniter.php(832): App\Controllers\Home->add_students()
#2 C:\xampp\htdocs\spp\system\CodeIgniter.php(419): CodeIgniter\CodeIgniter->runController(Object(App\Controllers\Home))
#3 C:\xampp\htdocs\spp\system\CodeIgniter.php(326): CodeIgniter\CodeIgniter->handleRequest(NULL, Object(Config\Cache), false)
#4 C:\xampp\htdocs\spp\public\index.php(37): CodeIgniter\CodeIgniter->run()
#5 C:\xampp\htdocs\spp\system\Commands\Server\rewrite.php(43): require_once('C:\\xampp\\htdocs...')
#6 {main}
ERROR - 2023-08-29 23:42:26 --> Unknown column 'paket.id_rombel' in 'on clause'
CRITICAL - 2023-08-29 23:42:26 --> Call to a member function getResult() on bool
#0 C:\xampp\htdocs\spp\app\Controllers\Home.php(654): App\Models\M_model->sOderBy('siswa', 'kelas', 'jurusan', 'rombel', 'paket', 'user', 'siswa.id_kelas_...', 'siswa.id_jurusa...', 'siswa.id_rombel...', 'siswa.id_paket_...', 'siswa.maker_sis...', 'tanggal_siswa')
#1 C:\xampp\htdocs\spp\system\CodeIgniter.php(832): App\Controllers\Home->add_students()
#2 C:\xampp\htdocs\spp\system\CodeIgniter.php(419): CodeIgniter\CodeIgniter->runController(Object(App\Controllers\Home))
#3 C:\xampp\htdocs\spp\system\CodeIgniter.php(326): CodeIgniter\CodeIgniter->handleRequest(NULL, Object(Config\Cache), false)
#4 C:\xampp\htdocs\spp\public\index.php(37): CodeIgniter\CodeIgniter->run()
#5 C:\xampp\htdocs\spp\system\Commands\Server\rewrite.php(43): require_once('C:\\xampp\\htdocs...')
#6 {main}
ERROR - 2023-08-29 23:42:58 --> Unknown column 'paket.id_rombel' in 'on clause'
CRITICAL - 2023-08-29 23:42:58 --> Call to a member function getResult() on bool
#0 C:\xampp\htdocs\spp\app\Controllers\Home.php(654): App\Models\M_model->sOderBy('siswa', 'kelas', 'jurusan', 'rombel', 'paket', 'user', 'siswa.id_kelas_...', 'siswa.id_jurusa...', 'siswa.id_rombel...', 'siswa.id_paket_...', 'siswa.maker_sis...', 'tanggal_siswa')
#1 C:\xampp\htdocs\spp\system\CodeIgniter.php(832): App\Controllers\Home->add_students()
#2 C:\xampp\htdocs\spp\system\CodeIgniter.php(419): CodeIgniter\CodeIgniter->runController(Object(App\Controllers\Home))
#3 C:\xampp\htdocs\spp\system\CodeIgniter.php(326): CodeIgniter\CodeIgniter->handleRequest(NULL, Object(Config\Cache), false)
#4 C:\xampp\htdocs\spp\public\index.php(37): CodeIgniter\CodeIgniter->run()
#5 C:\xampp\htdocs\spp\system\Commands\Server\rewrite.php(43): require_once('C:\\xampp\\htdocs...')
#6 {main}
ERROR - 2023-08-29 23:42:58 --> Unknown column 'paket.id_rombel' in 'on clause'
CRITICAL - 2023-08-29 23:42:58 --> Call to a member function getResult() on bool
#0 C:\xampp\htdocs\spp\app\Controllers\Home.php(654): App\Models\M_model->sOderBy('siswa', 'kelas', 'jurusan', 'rombel', 'paket', 'user', 'siswa.id_kelas_...', 'siswa.id_jurusa...', 'siswa.id_rombel...', 'siswa.id_paket_...', 'siswa.maker_sis...', 'tanggal_siswa')
#1 C:\xampp\htdocs\spp\system\CodeIgniter.php(832): App\Controllers\Home->add_students()
#2 C:\xampp\htdocs\spp\system\CodeIgniter.php(419): CodeIgniter\CodeIgniter->runController(Object(App\Controllers\Home))
#3 C:\xampp\htdocs\spp\system\CodeIgniter.php(326): CodeIgniter\CodeIgniter->handleRequest(NULL, Object(Config\Cache), false)
#4 C:\xampp\htdocs\spp\public\index.php(37): CodeIgniter\CodeIgniter->run()
#5 C:\xampp\htdocs\spp\system\Commands\Server\rewrite.php(43): require_once('C:\\xampp\\htdocs...')
#6 {main}
ERROR - 2023-08-29 23:43:04 --> Unknown column 'paket.id_rombel' in 'on clause'
CRITICAL - 2023-08-29 23:43:04 --> Call to a member function getResult() on bool
#0 C:\xampp\htdocs\spp\app\Controllers\Home.php(654): App\Models\M_model->sOderBy('siswa', 'kelas', 'jurusan', 'rombel', 'paket', 'user', 'siswa.id_kelas_...', 'siswa.id_jurusa...', 'siswa.id_rombel...', 'siswa.id_paket_...', 'siswa.maker_sis...', 'tanggal_siswa')
#1 C:\xampp\htdocs\spp\system\CodeIgniter.php(832): App\Controllers\Home->add_students()
#2 C:\xampp\htdocs\spp\system\CodeIgniter.php(419): CodeIgniter\CodeIgniter->runController(Object(App\Controllers\Home))
#3 C:\xampp\htdocs\spp\system\CodeIgniter.php(326): CodeIgniter\CodeIgniter->handleRequest(NULL, Object(Config\Cache), false)
#4 C:\xampp\htdocs\spp\public\index.php(37): CodeIgniter\CodeIgniter->run()
#5 C:\xampp\htdocs\spp\system\Commands\Server\rewrite.php(43): require_once('C:\\xampp\\htdocs...')
#6 {main}
ERROR - 2023-08-29 23:43:05 --> Unknown column 'paket.id_rombel' in 'on clause'
CRITICAL - 2023-08-29 23:43:05 --> Call to a member function getResult() on bool
#0 C:\xampp\htdocs\spp\app\Controllers\Home.php(654): App\Models\M_model->sOderBy('siswa', 'kelas', 'jurusan', 'rombel', 'paket', 'user', 'siswa.id_kelas_...', 'siswa.id_jurusa...', 'siswa.id_rombel...', 'siswa.id_paket_...', 'siswa.maker_sis...', 'tanggal_siswa')
#1 C:\xampp\htdocs\spp\system\CodeIgniter.php(832): App\Controllers\Home->add_students()
#2 C:\xampp\htdocs\spp\system\CodeIgniter.php(419): CodeIgniter\CodeIgniter->runController(Object(App\Controllers\Home))
#3 C:\xampp\htdocs\spp\system\CodeIgniter.php(326): CodeIgniter\CodeIgniter->handleRequest(NULL, Object(Config\Cache), false)
#4 C:\xampp\htdocs\spp\public\index.php(37): CodeIgniter\CodeIgniter->run()
#5 C:\xampp\htdocs\spp\system\Commands\Server\rewrite.php(43): require_once('C:\\xampp\\htdocs...')
#6 {main}
CRITICAL - 2023-08-29 23:44:58 --> Too few arguments to function App\Models\M_model::superOderBy(), 5 passed in C:\xampp\htdocs\spp\app\Controllers\Home.php on line 599 and exactly 6 expected
#0 C:\xampp\htdocs\spp\app\Controllers\Home.php(599): App\Models\M_model->superOderBy('siswa', 'paket', 'user', 'siswa.id_paket_...', 'tanggal_siswa')
#1 C:\xampp\htdocs\spp\system\CodeIgniter.php(832): App\Controllers\Home->students()
#2 C:\xampp\htdocs\spp\system\CodeIgniter.php(419): CodeIgniter\CodeIgniter->runController(Object(App\Controllers\Home))
#3 C:\xampp\htdocs\spp\system\CodeIgniter.php(326): CodeIgniter\CodeIgniter->handleRequest(NULL, Object(Config\Cache), false)
#4 C:\xampp\htdocs\spp\public\index.php(37): CodeIgniter\CodeIgniter->run()
#5 C:\xampp\htdocs\spp\system\Commands\Server\rewrite.php(43): require_once('C:\\xampp\\htdocs...')
#6 {main}
CRITICAL - 2023-08-29 23:45:42 --> You must set the database table to be used with your query.
#0 C:\xampp\htdocs\spp\system\Model.php(545): CodeIgniter\Database\BaseConnection->table(NULL)
#1 C:\xampp\htdocs\spp\system\Model.php(722): CodeIgniter\Model->builder()
#2 C:\xampp\htdocs\spp\app\Controllers\Home.php(654): CodeIgniter\Model->__call('sOderBy', Array)
#3 C:\xampp\htdocs\spp\system\CodeIgniter.php(832): App\Controllers\Home->add_students()
#4 C:\xampp\htdocs\spp\system\CodeIgniter.php(419): CodeIgniter\CodeIgniter->runController(Object(App\Controllers\Home))
#5 C:\xampp\htdocs\spp\system\CodeIgniter.php(326): CodeIgniter\CodeIgniter->handleRequest(NULL, Object(Config\Cache), false)
#6 C:\xampp\htdocs\spp\public\index.php(37): CodeIgniter\CodeIgniter->run()
#7 C:\xampp\htdocs\spp\system\Commands\Server\rewrite.php(43): require_once('C:\\xampp\\htdocs...')
#8 {main}
ERROR - 2023-08-29 23:47:20 --> Unknown column 'siswa.harga_paket' in 'on clause'
CRITICAL - 2023-08-29 23:47:20 --> Call to a member function getResult() on bool
#0 C:\xampp\htdocs\spp\app\Controllers\Home.php(654): App\Models\M_model->siswaOderBy('siswa', 'kelas', 'jurusan', 'rombel', 'paket', 'user', 'siswa.id_kelas_...', 'siswa.id_jurusa...', 'siswa.id_rombel...', 'siswa.harga_pak...', 'siswa.maker_sis...', 'tanggal_siswa')
#1 C:\xampp\htdocs\spp\system\CodeIgniter.php(832): App\Controllers\Home->add_students()
#2 C:\xampp\htdocs\spp\system\CodeIgniter.php(419): CodeIgniter\CodeIgniter->runController(Object(App\Controllers\Home))
#3 C:\xampp\htdocs\spp\system\CodeIgniter.php(326): CodeIgniter\CodeIgniter->handleRequest(NULL, Object(Config\Cache), false)
#4 C:\xampp\htdocs\spp\public\index.php(37): CodeIgniter\CodeIgniter->run()
#5 C:\xampp\htdocs\spp\system\Commands\Server\rewrite.php(43): require_once('C:\\xampp\\htdocs...')
#6 {main}
CRITICAL - 2023-08-29 23:50:28 --> Too few arguments to function App\Models\M_model::detail_siswa(), 10 passed in C:\xampp\htdocs\spp\app\Controllers\Home.php on line 627 and exactly 12 expected
#0 C:\xampp\htdocs\spp\app\Controllers\Home.php(627): App\Models\M_model->detail_siswa('siswa', 'kelas', 'jurusan', 'rombel', 'user', 'siswa.id_kelas_...', 'siswa.id_jurusa...', 'siswa.id_rombel...', 'siswa.harga_pak...', Array)
#1 C:\xampp\htdocs\spp\system\CodeIgniter.php(832): App\Controllers\Home->detail_students('32')
#2 C:\xampp\htdocs\spp\system\CodeIgniter.php(419): CodeIgniter\CodeIgniter->runController(Object(App\Controllers\Home))
#3 C:\xampp\htdocs\spp\system\CodeIgniter.php(326): CodeIgniter\CodeIgniter->handleRequest(NULL, Object(Config\Cache), false)
#4 C:\xampp\htdocs\spp\public\index.php(37): CodeIgniter\CodeIgniter->run()
#5 C:\xampp\htdocs\spp\system\Commands\Server\rewrite.php(43): require_once('C:\\xampp\\htdocs...')
#6 {main}
