CRITICAL - 2023-08-26 03:21:54 --> Invalid argument supplied for foreach()
#0 C:\xampp\htdocs\spp\app\Controllers\Home.php(872): CodeIgniter\Debug\Exceptions->errorHandler(2, 'Invalid argumen...', 'C:\\xampp\\htdocs...', 872, Array)
#1 C:\xampp\htdocs\spp\system\CodeIgniter.php(832): App\Controllers\Home->status_invoice()
#2 C:\xampp\htdocs\spp\system\CodeIgniter.php(419): CodeIgniter\CodeIgniter->runController(Object(App\Controllers\Home))
#3 C:\xampp\htdocs\spp\system\CodeIgniter.php(326): CodeIgniter\CodeIgniter->handleRequest(NULL, Object(Config\Cache), false)
#4 C:\xampp\htdocs\spp\public\index.php(37): CodeIgniter\CodeIgniter->run()
#5 C:\xampp\htdocs\spp\system\Commands\Server\rewrite.php(43): require_once('C:\\xampp\\htdocs...')
#6 {main}
CRITICAL - 2023-08-26 03:22:46 --> Too few arguments to function App\Controllers\Home::status_invoice(), 0 passed in C:\xampp\htdocs\spp\system\CodeIgniter.php on line 832 and exactly 1 expected
#0 C:\xampp\htdocs\spp\system\CodeIgniter.php(832): App\Controllers\Home->status_invoice()
#1 C:\xampp\htdocs\spp\system\CodeIgniter.php(419): CodeIgniter\CodeIgniter->runController(Object(App\Controllers\Home))
#2 C:\xampp\htdocs\spp\system\CodeIgniter.php(326): CodeIgniter\CodeIgniter->handleRequest(NULL, Object(Config\Cache), false)
#3 C:\xampp\htdocs\spp\public\index.php(37): CodeIgniter\CodeIgniter->run()
#4 C:\xampp\htdocs\spp\system\Commands\Server\rewrite.php(43): require_once('C:\\xampp\\htdocs...')
#5 {main}
CRITICAL - 2023-08-26 03:23:10 --> Invalid argument supplied for foreach()
#0 C:\xampp\htdocs\spp\app\Controllers\Home.php(872): CodeIgniter\Debug\Exceptions->errorHandler(2, 'Invalid argumen...', 'C:\\xampp\\htdocs...', 872, Array)
#1 C:\xampp\htdocs\spp\system\CodeIgniter.php(832): App\Controllers\Home->status_invoice2()
#2 C:\xampp\htdocs\spp\system\CodeIgniter.php(419): CodeIgniter\CodeIgniter->runController(Object(App\Controllers\Home))
#3 C:\xampp\htdocs\spp\system\CodeIgniter.php(326): CodeIgniter\CodeIgniter->handleRequest(NULL, Object(Config\Cache), false)
#4 C:\xampp\htdocs\spp\public\index.php(37): CodeIgniter\CodeIgniter->run()
#5 C:\xampp\htdocs\spp\system\Commands\Server\rewrite.php(43): require_once('C:\\xampp\\htdocs...')
#6 {main}
CRITICAL - 2023-08-26 03:23:35 --> Invalid argument supplied for foreach()
#0 C:\xampp\htdocs\spp\app\Controllers\Home.php(872): CodeIgniter\Debug\Exceptions->errorHandler(2, 'Invalid argumen...', 'C:\\xampp\\htdocs...', 872, Array)
#1 C:\xampp\htdocs\spp\system\CodeIgniter.php(832): App\Controllers\Home->status_invoice2()
#2 C:\xampp\htdocs\spp\system\CodeIgniter.php(419): CodeIgniter\CodeIgniter->runController(Object(App\Controllers\Home))
#3 C:\xampp\htdocs\spp\system\CodeIgniter.php(326): CodeIgniter\CodeIgniter->handleRequest(NULL, Object(Config\Cache), false)
#4 C:\xampp\htdocs\spp\public\index.php(37): CodeIgniter\CodeIgniter->run()
#5 C:\xampp\htdocs\spp\system\Commands\Server\rewrite.php(43): require_once('C:\\xampp\\htdocs...')
#6 {main}
CRITICAL - 2023-08-26 03:25:00 --> Invalid argument supplied for foreach()
#0 C:\xampp\htdocs\spp\app\Controllers\Home.php(872): CodeIgniter\Debug\Exceptions->errorHandler(2, 'Invalid argumen...', 'C:\\xampp\\htdocs...', 872, Array)
#1 C:\xampp\htdocs\spp\system\CodeIgniter.php(832): App\Controllers\Home->status_invoice2()
#2 C:\xampp\htdocs\spp\system\CodeIgniter.php(419): CodeIgniter\CodeIgniter->runController(Object(App\Controllers\Home))
#3 C:\xampp\htdocs\spp\system\CodeIgniter.php(326): CodeIgniter\CodeIgniter->handleRequest(NULL, Object(Config\Cache), false)
#4 C:\xampp\htdocs\spp\public\index.php(37): CodeIgniter\CodeIgniter->run()
#5 C:\xampp\htdocs\spp\system\Commands\Server\rewrite.php(43): require_once('C:\\xampp\\htdocs...')
#6 {main}
CRITICAL - 2023-08-26 03:25:11 --> Invalid argument supplied for foreach()
#0 C:\xampp\htdocs\spp\app\Controllers\Home.php(872): CodeIgniter\Debug\Exceptions->errorHandler(2, 'Invalid argumen...', 'C:\\xampp\\htdocs...', 872, Array)
#1 C:\xampp\htdocs\spp\system\CodeIgniter.php(832): App\Controllers\Home->status_invoice2()
#2 C:\xampp\htdocs\spp\system\CodeIgniter.php(419): CodeIgniter\CodeIgniter->runController(Object(App\Controllers\Home))
#3 C:\xampp\htdocs\spp\system\CodeIgniter.php(326): CodeIgniter\CodeIgniter->handleRequest(NULL, Object(Config\Cache), false)
#4 C:\xampp\htdocs\spp\public\index.php(37): CodeIgniter\CodeIgniter->run()
#5 C:\xampp\htdocs\spp\system\Commands\Server\rewrite.php(43): require_once('C:\\xampp\\htdocs...')
#6 {main}
CRITICAL - 2023-08-26 03:28:34 --> Invalid argument supplied for foreach()
#0 C:\xampp\htdocs\spp\app\Controllers\Home.php(872): CodeIgniter\Debug\Exceptions->errorHandler(2, 'Invalid argumen...', 'C:\\xampp\\htdocs...', 872, Array)
#1 C:\xampp\htdocs\spp\system\CodeIgniter.php(832): App\Controllers\Home->status_invoice2()
#2 C:\xampp\htdocs\spp\system\CodeIgniter.php(419): CodeIgniter\CodeIgniter->runController(Object(App\Controllers\Home))
#3 C:\xampp\htdocs\spp\system\CodeIgniter.php(326): CodeIgniter\CodeIgniter->handleRequest(NULL, Object(Config\Cache), false)
#4 C:\xampp\htdocs\spp\public\index.php(37): CodeIgniter\CodeIgniter->run()
#5 C:\xampp\htdocs\spp\system\Commands\Server\rewrite.php(43): require_once('C:\\xampp\\htdocs...')
#6 {main}
CRITICAL - 2023-08-26 03:29:25 --> Invalid argument supplied for foreach()
#0 C:\xampp\htdocs\spp\app\Controllers\Home.php(872): CodeIgniter\Debug\Exceptions->errorHandler(2, 'Invalid argumen...', 'C:\\xampp\\htdocs...', 872, Array)
#1 C:\xampp\htdocs\spp\system\CodeIgniter.php(832): App\Controllers\Home->status_invoice2()
#2 C:\xampp\htdocs\spp\system\CodeIgniter.php(419): CodeIgniter\CodeIgniter->runController(Object(App\Controllers\Home))
#3 C:\xampp\htdocs\spp\system\CodeIgniter.php(326): CodeIgniter\CodeIgniter->handleRequest(NULL, Object(Config\Cache), false)
#4 C:\xampp\htdocs\spp\public\index.php(37): CodeIgniter\CodeIgniter->run()
#5 C:\xampp\htdocs\spp\system\Commands\Server\rewrite.php(43): require_once('C:\\xampp\\htdocs...')
#6 {main}
CRITICAL - 2023-08-26 03:31:16 --> Invalid argument supplied for foreach()
#0 C:\xampp\htdocs\spp\app\Controllers\Home.php(872): CodeIgniter\Debug\Exceptions->errorHandler(2, 'Invalid argumen...', 'C:\\xampp\\htdocs...', 872, Array)
#1 C:\xampp\htdocs\spp\system\CodeIgniter.php(832): App\Controllers\Home->status_invoice2()
#2 C:\xampp\htdocs\spp\system\CodeIgniter.php(419): CodeIgniter\CodeIgniter->runController(Object(App\Controllers\Home))
#3 C:\xampp\htdocs\spp\system\CodeIgniter.php(326): CodeIgniter\CodeIgniter->handleRequest(NULL, Object(Config\Cache), false)
#4 C:\xampp\htdocs\spp\public\index.php(37): CodeIgniter\CodeIgniter->run()
#5 C:\xampp\htdocs\spp\system\Commands\Server\rewrite.php(43): require_once('C:\\xampp\\htdocs...')
#6 {main}
CRITICAL - 2023-08-26 03:32:15 --> Invalid argument supplied for foreach()
#0 C:\xampp\htdocs\spp\app\Controllers\Home.php(872): CodeIgniter\Debug\Exceptions->errorHandler(2, 'Invalid argumen...', 'C:\\xampp\\htdocs...', 872, Array)
#1 C:\xampp\htdocs\spp\system\CodeIgniter.php(832): App\Controllers\Home->status_invoice2()
#2 C:\xampp\htdocs\spp\system\CodeIgniter.php(419): CodeIgniter\CodeIgniter->runController(Object(App\Controllers\Home))
#3 C:\xampp\htdocs\spp\system\CodeIgniter.php(326): CodeIgniter\CodeIgniter->handleRequest(NULL, Object(Config\Cache), false)
#4 C:\xampp\htdocs\spp\public\index.php(37): CodeIgniter\CodeIgniter->run()
#5 C:\xampp\htdocs\spp\system\Commands\Server\rewrite.php(43): require_once('C:\\xampp\\htdocs...')
#6 {main}
CRITICAL - 2023-08-26 03:34:25 --> Invalid argument supplied for foreach()
#0 C:\xampp\htdocs\spp\app\Controllers\Home.php(872): CodeIgniter\Debug\Exceptions->errorHandler(2, 'Invalid argumen...', 'C:\\xampp\\htdocs...', 872, Array)
#1 C:\xampp\htdocs\spp\system\CodeIgniter.php(832): App\Controllers\Home->status_invoice2()
#2 C:\xampp\htdocs\spp\system\CodeIgniter.php(419): CodeIgniter\CodeIgniter->runController(Object(App\Controllers\Home))
#3 C:\xampp\htdocs\spp\system\CodeIgniter.php(326): CodeIgniter\CodeIgniter->handleRequest(NULL, Object(Config\Cache), false)
#4 C:\xampp\htdocs\spp\public\index.php(37): CodeIgniter\CodeIgniter->run()
#5 C:\xampp\htdocs\spp\system\Commands\Server\rewrite.php(43): require_once('C:\\xampp\\htdocs...')
#6 {main}
CRITICAL - 2023-08-26 03:34:32 --> Invalid argument supplied for foreach()
#0 C:\xampp\htdocs\spp\app\Controllers\Home.php(872): CodeIgniter\Debug\Exceptions->errorHandler(2, 'Invalid argumen...', 'C:\\xampp\\htdocs...', 872, Array)
#1 C:\xampp\htdocs\spp\system\CodeIgniter.php(832): App\Controllers\Home->status_invoice2()
#2 C:\xampp\htdocs\spp\system\CodeIgniter.php(419): CodeIgniter\CodeIgniter->runController(Object(App\Controllers\Home))
#3 C:\xampp\htdocs\spp\system\CodeIgniter.php(326): CodeIgniter\CodeIgniter->handleRequest(NULL, Object(Config\Cache), false)
#4 C:\xampp\htdocs\spp\public\index.php(37): CodeIgniter\CodeIgniter->run()
#5 C:\xampp\htdocs\spp\system\Commands\Server\rewrite.php(43): require_once('C:\\xampp\\htdocs...')
#6 {main}
CRITICAL - 2023-08-26 03:34:37 --> Invalid argument supplied for foreach()
#0 C:\xampp\htdocs\spp\app\Controllers\Home.php(872): CodeIgniter\Debug\Exceptions->errorHandler(2, 'Invalid argumen...', 'C:\\xampp\\htdocs...', 872, Array)
#1 C:\xampp\htdocs\spp\system\CodeIgniter.php(832): App\Controllers\Home->status_invoice2()
#2 C:\xampp\htdocs\spp\system\CodeIgniter.php(419): CodeIgniter\CodeIgniter->runController(Object(App\Controllers\Home))
#3 C:\xampp\htdocs\spp\system\CodeIgniter.php(326): CodeIgniter\CodeIgniter->handleRequest(NULL, Object(Config\Cache), false)
#4 C:\xampp\htdocs\spp\public\index.php(37): CodeIgniter\CodeIgniter->run()
#5 C:\xampp\htdocs\spp\system\Commands\Server\rewrite.php(43): require_once('C:\\xampp\\htdocs...')
#6 {main}
CRITICAL - 2023-08-26 03:43:29 --> Invalid argument supplied for foreach()
#0 C:\xampp\htdocs\spp\app\Controllers\Home.php(872): CodeIgniter\Debug\Exceptions->errorHandler(2, 'Invalid argumen...', 'C:\\xampp\\htdocs...', 872, Array)
#1 C:\xampp\htdocs\spp\system\CodeIgniter.php(832): App\Controllers\Home->status_invoice2()
#2 C:\xampp\htdocs\spp\system\CodeIgniter.php(419): CodeIgniter\CodeIgniter->runController(Object(App\Controllers\Home))
#3 C:\xampp\htdocs\spp\system\CodeIgniter.php(326): CodeIgniter\CodeIgniter->handleRequest(NULL, Object(Config\Cache), false)
#4 C:\xampp\htdocs\spp\public\index.php(37): CodeIgniter\CodeIgniter->run()
#5 C:\xampp\htdocs\spp\system\Commands\Server\rewrite.php(43): require_once('C:\\xampp\\htdocs...')
#6 {main}
CRITICAL - 2023-08-26 03:44:26 --> Invalid argument supplied for foreach()
#0 C:\xampp\htdocs\spp\app\Controllers\Home.php(872): CodeIgniter\Debug\Exceptions->errorHandler(2, 'Invalid argumen...', 'C:\\xampp\\htdocs...', 872, Array)
#1 C:\xampp\htdocs\spp\system\CodeIgniter.php(832): App\Controllers\Home->status_invoice2()
#2 C:\xampp\htdocs\spp\system\CodeIgniter.php(419): CodeIgniter\CodeIgniter->runController(Object(App\Controllers\Home))
#3 C:\xampp\htdocs\spp\system\CodeIgniter.php(326): CodeIgniter\CodeIgniter->handleRequest(NULL, Object(Config\Cache), false)
#4 C:\xampp\htdocs\spp\public\index.php(37): CodeIgniter\CodeIgniter->run()
#5 C:\xampp\htdocs\spp\system\Commands\Server\rewrite.php(43): require_once('C:\\xampp\\htdocs...')
#6 {main}
CRITICAL - 2023-08-26 03:44:41 --> Invalid argument supplied for foreach()
#0 C:\xampp\htdocs\spp\app\Controllers\Home.php(872): CodeIgniter\Debug\Exceptions->errorHandler(2, 'Invalid argumen...', 'C:\\xampp\\htdocs...', 872, Array)
#1 C:\xampp\htdocs\spp\system\CodeIgniter.php(832): App\Controllers\Home->status_invoice2()
#2 C:\xampp\htdocs\spp\system\CodeIgniter.php(419): CodeIgniter\CodeIgniter->runController(Object(App\Controllers\Home))
#3 C:\xampp\htdocs\spp\system\CodeIgniter.php(326): CodeIgniter\CodeIgniter->handleRequest(NULL, Object(Config\Cache), false)
#4 C:\xampp\htdocs\spp\public\index.php(37): CodeIgniter\CodeIgniter->run()
#5 C:\xampp\htdocs\spp\system\Commands\Server\rewrite.php(43): require_once('C:\\xampp\\htdocs...')
#6 {main}
CRITICAL - 2023-08-26 03:49:10 --> Too few arguments to function App\Controllers\Home::status_invoice(), 0 passed in C:\xampp\htdocs\spp\system\CodeIgniter.php on line 832 and exactly 1 expected
#0 C:\xampp\htdocs\spp\system\CodeIgniter.php(832): App\Controllers\Home->status_invoice()
#1 C:\xampp\htdocs\spp\system\CodeIgniter.php(419): CodeIgniter\CodeIgniter->runController(Object(App\Controllers\Home))
#2 C:\xampp\htdocs\spp\system\CodeIgniter.php(326): CodeIgniter\CodeIgniter->handleRequest(NULL, Object(Config\Cache), false)
#3 C:\xampp\htdocs\spp\public\index.php(37): CodeIgniter\CodeIgniter->run()
#4 C:\xampp\htdocs\spp\system\Commands\Server\rewrite.php(43): require_once('C:\\xampp\\htdocs...')
#5 {main}
CRITICAL - 2023-08-26 03:56:28 --> Invalid argument supplied for foreach()
#0 C:\xampp\htdocs\spp\app\Controllers\Home.php(855): CodeIgniter\Debug\Exceptions->errorHandler(2, 'Invalid argumen...', 'C:\\xampp\\htdocs...', 855, Array)
#1 C:\xampp\htdocs\spp\system\CodeIgniter.php(832): App\Controllers\Home->status_invoice()
#2 C:\xampp\htdocs\spp\system\CodeIgniter.php(419): CodeIgniter\CodeIgniter->runController(Object(App\Controllers\Home))
#3 C:\xampp\htdocs\spp\system\CodeIgniter.php(326): CodeIgniter\CodeIgniter->handleRequest(NULL, Object(Config\Cache), false)
#4 C:\xampp\htdocs\spp\public\index.php(37): CodeIgniter\CodeIgniter->run()
#5 C:\xampp\htdocs\spp\system\Commands\Server\rewrite.php(43): require_once('C:\\xampp\\htdocs...')
#6 {main}
CRITICAL - 2023-08-26 03:57:33 --> Invalid argument supplied for foreach()
#0 C:\xampp\htdocs\spp\app\Controllers\Home.php(1103): CodeIgniter\Debug\Exceptions->errorHandler(2, 'Invalid argumen...', 'C:\\xampp\\htdocs...', 1103, Array)
#1 C:\xampp\htdocs\spp\system\CodeIgniter.php(832): App\Controllers\Home->status_employee_salary()
#2 C:\xampp\htdocs\spp\system\CodeIgniter.php(419): CodeIgniter\CodeIgniter->runController(Object(App\Controllers\Home))
#3 C:\xampp\htdocs\spp\system\CodeIgniter.php(326): CodeIgniter\CodeIgniter->handleRequest(NULL, Object(Config\Cache), false)
#4 C:\xampp\htdocs\spp\public\index.php(37): CodeIgniter\CodeIgniter->run()
#5 C:\xampp\htdocs\spp\system\Commands\Server\rewrite.php(43): require_once('C:\\xampp\\htdocs...')
#6 {main}
CRITICAL - 2023-08-26 03:57:50 --> Invalid argument supplied for foreach()
#0 C:\xampp\htdocs\spp\app\Controllers\Home.php(1103): CodeIgniter\Debug\Exceptions->errorHandler(2, 'Invalid argumen...', 'C:\\xampp\\htdocs...', 1103, Array)
#1 C:\xampp\htdocs\spp\system\CodeIgniter.php(832): App\Controllers\Home->status_employee_salary()
#2 C:\xampp\htdocs\spp\system\CodeIgniter.php(419): CodeIgniter\CodeIgniter->runController(Object(App\Controllers\Home))
#3 C:\xampp\htdocs\spp\system\CodeIgniter.php(326): CodeIgniter\CodeIgniter->handleRequest(NULL, Object(Config\Cache), false)
#4 C:\xampp\htdocs\spp\public\index.php(37): CodeIgniter\CodeIgniter->run()
#5 C:\xampp\htdocs\spp\system\Commands\Server\rewrite.php(43): require_once('C:\\xampp\\htdocs...')
#6 {main}
CRITICAL - 2023-08-26 03:58:09 --> Invalid argument supplied for foreach()
#0 C:\xampp\htdocs\spp\app\Controllers\Home.php(1103): CodeIgniter\Debug\Exceptions->errorHandler(2, 'Invalid argumen...', 'C:\\xampp\\htdocs...', 1103, Array)
#1 C:\xampp\htdocs\spp\system\CodeIgniter.php(832): App\Controllers\Home->status_employee_salary()
#2 C:\xampp\htdocs\spp\system\CodeIgniter.php(419): CodeIgniter\CodeIgniter->runController(Object(App\Controllers\Home))
#3 C:\xampp\htdocs\spp\system\CodeIgniter.php(326): CodeIgniter\CodeIgniter->handleRequest(NULL, Object(Config\Cache), false)
#4 C:\xampp\htdocs\spp\public\index.php(37): CodeIgniter\CodeIgniter->run()
#5 C:\xampp\htdocs\spp\system\Commands\Server\rewrite.php(43): require_once('C:\\xampp\\htdocs...')
#6 {main}
CRITICAL - 2023-08-26 05:45:00 --> Invalid argument supplied for foreach()
#0 C:\xampp\htdocs\spp\app\Views\invoice_spp\bayar\add_bayar_invoice.php(45): CodeIgniter\Debug\Exceptions->errorHandler(2, 'Invalid argumen...', 'C:\\xampp\\htdocs...', 45, Array)
#1 C:\xampp\htdocs\spp\system\View\View.php(210): include('C:\\xampp\\htdocs...')
#2 C:\xampp\htdocs\spp\system\View\View.php(213): CodeIgniter\View\View->CodeIgniter\View\{closure}()
#3 C:\xampp\htdocs\spp\system\Common.php(1089): CodeIgniter\View\View->render('invoice_spp/bay...', Array, true)
#4 C:\xampp\htdocs\spp\app\Controllers\Home.php(1532): view('invoice_spp/bay...')
#5 C:\xampp\htdocs\spp\system\CodeIgniter.php(832): App\Controllers\Home->add_bayar_invoice()
#6 C:\xampp\htdocs\spp\system\CodeIgniter.php(419): CodeIgniter\CodeIgniter->runController(Object(App\Controllers\Home))
#7 C:\xampp\htdocs\spp\system\CodeIgniter.php(326): CodeIgniter\CodeIgniter->handleRequest(NULL, Object(Config\Cache), false)
#8 C:\xampp\htdocs\spp\public\index.php(37): CodeIgniter\CodeIgniter->run()
#9 C:\xampp\htdocs\spp\system\Commands\Server\rewrite.php(43): require_once('C:\\xampp\\htdocs...')
#10 {main}
CRITICAL - 2023-08-26 05:48:13 --> Invalid argument supplied for foreach()
#0 C:\xampp\htdocs\spp\app\Views\invoice_spp\bayar\add_bayar_invoice.php(20): CodeIgniter\Debug\Exceptions->errorHandler(2, 'Invalid argumen...', 'C:\\xampp\\htdocs...', 20, Array)
#1 C:\xampp\htdocs\spp\system\View\View.php(210): include('C:\\xampp\\htdocs...')
#2 C:\xampp\htdocs\spp\system\View\View.php(213): CodeIgniter\View\View->CodeIgniter\View\{closure}()
#3 C:\xampp\htdocs\spp\system\Common.php(1089): CodeIgniter\View\View->render('invoice_spp/bay...', Array, true)
#4 C:\xampp\htdocs\spp\app\Controllers\Home.php(1532): view('invoice_spp/bay...')
#5 C:\xampp\htdocs\spp\system\CodeIgniter.php(832): App\Controllers\Home->add_bayar_invoice()
#6 C:\xampp\htdocs\spp\system\CodeIgniter.php(419): CodeIgniter\CodeIgniter->runController(Object(App\Controllers\Home))
#7 C:\xampp\htdocs\spp\system\CodeIgniter.php(326): CodeIgniter\CodeIgniter->handleRequest(NULL, Object(Config\Cache), false)
#8 C:\xampp\htdocs\spp\public\index.php(37): CodeIgniter\CodeIgniter->run()
#9 C:\xampp\htdocs\spp\system\Commands\Server\rewrite.php(43): require_once('C:\\xampp\\htdocs...')
#10 {main}
CRITICAL - 2023-08-26 05:51:50 --> Too few arguments to function App\Models\M_model::bayar(), 4 passed in C:\xampp\htdocs\spp\app\Controllers\Home.php on line 1532 and exactly 5 expected
#0 C:\xampp\htdocs\spp\app\Controllers\Home.php(1532): App\Models\M_model->bayar('spp', 'pengguna', 'spp.id_pengguna...', 'tgl_spp')
#1 C:\xampp\htdocs\spp\system\CodeIgniter.php(832): App\Controllers\Home->add_bayar_invoice()
#2 C:\xampp\htdocs\spp\system\CodeIgniter.php(419): CodeIgniter\CodeIgniter->runController(Object(App\Controllers\Home))
#3 C:\xampp\htdocs\spp\system\CodeIgniter.php(326): CodeIgniter\CodeIgniter->handleRequest(NULL, Object(Config\Cache), false)
#4 C:\xampp\htdocs\spp\public\index.php(37): CodeIgniter\CodeIgniter->run()
#5 C:\xampp\htdocs\spp\system\Commands\Server\rewrite.php(43): require_once('C:\\xampp\\htdocs...')
#6 {main}
CRITICAL - 2023-08-26 05:52:02 --> Too few arguments to function App\Models\M_model::bayar(), 4 passed in C:\xampp\htdocs\spp\app\Controllers\Home.php on line 1532 and exactly 5 expected
#0 C:\xampp\htdocs\spp\app\Controllers\Home.php(1532): App\Models\M_model->bayar('spp', 'pengguna', 'spp.id_pengguna...', 'tgl_spp')
#1 C:\xampp\htdocs\spp\system\CodeIgniter.php(832): App\Controllers\Home->add_bayar_invoice()
#2 C:\xampp\htdocs\spp\system\CodeIgniter.php(419): CodeIgniter\CodeIgniter->runController(Object(App\Controllers\Home))
#3 C:\xampp\htdocs\spp\system\CodeIgniter.php(326): CodeIgniter\CodeIgniter->handleRequest(NULL, Object(Config\Cache), false)
#4 C:\xampp\htdocs\spp\public\index.php(37): CodeIgniter\CodeIgniter->run()
#5 C:\xampp\htdocs\spp\system\Commands\Server\rewrite.php(43): require_once('C:\\xampp\\htdocs...')
#6 {main}
CRITICAL - 2023-08-26 05:53:32 --> Too few arguments to function App\Models\M_model::bayar(), 4 passed in C:\xampp\htdocs\spp\app\Controllers\Home.php on line 1532 and exactly 5 expected
#0 C:\xampp\htdocs\spp\app\Controllers\Home.php(1532): App\Models\M_model->bayar('spp', 'pengguna', 'spp.id_pengguna...', 'tgl_spp')
#1 C:\xampp\htdocs\spp\system\CodeIgniter.php(832): App\Controllers\Home->add_bayar_invoice()
#2 C:\xampp\htdocs\spp\system\CodeIgniter.php(419): CodeIgniter\CodeIgniter->runController(Object(App\Controllers\Home))
#3 C:\xampp\htdocs\spp\system\CodeIgniter.php(326): CodeIgniter\CodeIgniter->handleRequest(NULL, Object(Config\Cache), false)
#4 C:\xampp\htdocs\spp\public\index.php(37): CodeIgniter\CodeIgniter->run()
#5 C:\xampp\htdocs\spp\system\Commands\Server\rewrite.php(43): require_once('C:\\xampp\\htdocs...')
#6 {main}
CRITICAL - 2023-08-26 05:53:33 --> Too few arguments to function App\Models\M_model::bayar(), 4 passed in C:\xampp\htdocs\spp\app\Controllers\Home.php on line 1532 and exactly 5 expected
#0 C:\xampp\htdocs\spp\app\Controllers\Home.php(1532): App\Models\M_model->bayar('spp', 'pengguna', 'spp.id_pengguna...', 'tgl_spp')
#1 C:\xampp\htdocs\spp\system\CodeIgniter.php(832): App\Controllers\Home->add_bayar_invoice()
#2 C:\xampp\htdocs\spp\system\CodeIgniter.php(419): CodeIgniter\CodeIgniter->runController(Object(App\Controllers\Home))
#3 C:\xampp\htdocs\spp\system\CodeIgniter.php(326): CodeIgniter\CodeIgniter->handleRequest(NULL, Object(Config\Cache), false)
#4 C:\xampp\htdocs\spp\public\index.php(37): CodeIgniter\CodeIgniter->run()
#5 C:\xampp\htdocs\spp\system\Commands\Server\rewrite.php(43): require_once('C:\\xampp\\htdocs...')
#6 {main}
CRITICAL - 2023-08-26 05:53:58 --> Too few arguments to function App\Models\M_model::bayar(), 4 passed in C:\xampp\htdocs\spp\app\Controllers\Home.php on line 1532 and exactly 5 expected
#0 C:\xampp\htdocs\spp\app\Controllers\Home.php(1532): App\Models\M_model->bayar('spp', 'pengguna', 'spp.id_pengguna...', 'tgl_spp')
#1 C:\xampp\htdocs\spp\system\CodeIgniter.php(832): App\Controllers\Home->add_bayar_invoice()
#2 C:\xampp\htdocs\spp\system\CodeIgniter.php(419): CodeIgniter\CodeIgniter->runController(Object(App\Controllers\Home))
#3 C:\xampp\htdocs\spp\system\CodeIgniter.php(326): CodeIgniter\CodeIgniter->handleRequest(NULL, Object(Config\Cache), false)
#4 C:\xampp\htdocs\spp\public\index.php(37): CodeIgniter\CodeIgniter->run()
#5 C:\xampp\htdocs\spp\system\Commands\Server\rewrite.php(43): require_once('C:\\xampp\\htdocs...')
#6 {main}
CRITICAL - 2023-08-26 05:54:26 --> Too few arguments to function App\Models\M_model::bayar(), 4 passed in C:\xampp\htdocs\spp\app\Controllers\Home.php on line 1532 and exactly 5 expected
#0 C:\xampp\htdocs\spp\app\Controllers\Home.php(1532): App\Models\M_model->bayar('spp', 'pengguna', 'spp.id_pengguna...', 'tgl_spp')
#1 C:\xampp\htdocs\spp\system\CodeIgniter.php(832): App\Controllers\Home->add_bayar_invoice()
#2 C:\xampp\htdocs\spp\system\CodeIgniter.php(419): CodeIgniter\CodeIgniter->runController(Object(App\Controllers\Home))
#3 C:\xampp\htdocs\spp\system\CodeIgniter.php(326): CodeIgniter\CodeIgniter->handleRequest(NULL, Object(Config\Cache), false)
#4 C:\xampp\htdocs\spp\public\index.php(37): CodeIgniter\CodeIgniter->run()
#5 C:\xampp\htdocs\spp\system\Commands\Server\rewrite.php(43): require_once('C:\\xampp\\htdocs...')
#6 {main}
CRITICAL - 2023-08-26 05:55:39 --> Too few arguments to function App\Models\M_model::bayar(), 4 passed in C:\xampp\htdocs\spp\app\Controllers\Home.php on line 1532 and exactly 5 expected
#0 C:\xampp\htdocs\spp\app\Controllers\Home.php(1532): App\Models\M_model->bayar('spp', 'pengguna', 'spp.id_pengguna...', 'tgl_spp')
#1 C:\xampp\htdocs\spp\system\CodeIgniter.php(832): App\Controllers\Home->add_bayar_invoice()
#2 C:\xampp\htdocs\spp\system\CodeIgniter.php(419): CodeIgniter\CodeIgniter->runController(Object(App\Controllers\Home))
#3 C:\xampp\htdocs\spp\system\CodeIgniter.php(326): CodeIgniter\CodeIgniter->handleRequest(NULL, Object(Config\Cache), false)
#4 C:\xampp\htdocs\spp\public\index.php(37): CodeIgniter\CodeIgniter->run()
#5 C:\xampp\htdocs\spp\system\Commands\Server\rewrite.php(43): require_once('C:\\xampp\\htdocs...')
#6 {main}
CRITICAL - 2023-08-26 05:58:15 --> Invalid argument supplied for foreach()
#0 C:\xampp\htdocs\spp\app\Views\invoice_spp\bayar\add_bayar_invoice.php(24): CodeIgniter\Debug\Exceptions->errorHandler(2, 'Invalid argumen...', 'C:\\xampp\\htdocs...', 24, Array)
#1 C:\xampp\htdocs\spp\system\View\View.php(210): include('C:\\xampp\\htdocs...')
#2 C:\xampp\htdocs\spp\system\View\View.php(213): CodeIgniter\View\View->CodeIgniter\View\{closure}()
#3 C:\xampp\htdocs\spp\system\Common.php(1089): CodeIgniter\View\View->render('invoice_spp/bay...', Array, true)
#4 C:\xampp\htdocs\spp\app\Controllers\Home.php(1542): view('invoice_spp/bay...')
#5 C:\xampp\htdocs\spp\system\CodeIgniter.php(832): App\Controllers\Home->add_bayar_invoice()
#6 C:\xampp\htdocs\spp\system\CodeIgniter.php(419): CodeIgniter\CodeIgniter->runController(Object(App\Controllers\Home))
#7 C:\xampp\htdocs\spp\system\CodeIgniter.php(326): CodeIgniter\CodeIgniter->handleRequest(NULL, Object(Config\Cache), false)
#8 C:\xampp\htdocs\spp\public\index.php(37): CodeIgniter\CodeIgniter->run()
#9 C:\xampp\htdocs\spp\system\Commands\Server\rewrite.php(43): require_once('C:\\xampp\\htdocs...')
#10 {main}
CRITICAL - 2023-08-26 06:06:01 --> syntax error, unexpected 'else' (T_ELSE)
#0 C:\xampp\htdocs\spp\system\Router\Router.php(175): CodeIgniter\Router\Router->autoRoute('home/invoice')
#1 C:\xampp\htdocs\spp\system\CodeIgniter.php(726): CodeIgniter\Router\Router->handle('home/invoice')
#2 C:\xampp\htdocs\spp\system\CodeIgniter.php(368): CodeIgniter\CodeIgniter->tryToRouteIt(Object(CodeIgniter\Router\RouteCollection))
#3 C:\xampp\htdocs\spp\system\CodeIgniter.php(326): CodeIgniter\CodeIgniter->handleRequest(NULL, Object(Config\Cache), false)
#4 C:\xampp\htdocs\spp\public\index.php(37): CodeIgniter\CodeIgniter->run()
#5 C:\xampp\htdocs\spp\system\Commands\Server\rewrite.php(43): require_once('C:\\xampp\\htdocs...')
#6 {main}
CRITICAL - 2023-08-26 06:06:04 --> syntax error, unexpected 'else' (T_ELSE)
#0 C:\xampp\htdocs\spp\system\Router\Router.php(175): CodeIgniter\Router\Router->autoRoute('home/invoice')
#1 C:\xampp\htdocs\spp\system\CodeIgniter.php(726): CodeIgniter\Router\Router->handle('home/invoice')
#2 C:\xampp\htdocs\spp\system\CodeIgniter.php(368): CodeIgniter\CodeIgniter->tryToRouteIt(Object(CodeIgniter\Router\RouteCollection))
#3 C:\xampp\htdocs\spp\system\CodeIgniter.php(326): CodeIgniter\CodeIgniter->handleRequest(NULL, Object(Config\Cache), false)
#4 C:\xampp\htdocs\spp\public\index.php(37): CodeIgniter\CodeIgniter->run()
#5 C:\xampp\htdocs\spp\system\Commands\Server\rewrite.php(43): require_once('C:\\xampp\\htdocs...')
#6 {main}
CRITICAL - 2023-08-26 06:06:05 --> syntax error, unexpected 'else' (T_ELSE)
#0 C:\xampp\htdocs\spp\system\Router\Router.php(175): CodeIgniter\Router\Router->autoRoute('home/invoice')
#1 C:\xampp\htdocs\spp\system\CodeIgniter.php(726): CodeIgniter\Router\Router->handle('home/invoice')
#2 C:\xampp\htdocs\spp\system\CodeIgniter.php(368): CodeIgniter\CodeIgniter->tryToRouteIt(Object(CodeIgniter\Router\RouteCollection))
#3 C:\xampp\htdocs\spp\system\CodeIgniter.php(326): CodeIgniter\CodeIgniter->handleRequest(NULL, Object(Config\Cache), false)
#4 C:\xampp\htdocs\spp\public\index.php(37): CodeIgniter\CodeIgniter->run()
#5 C:\xampp\htdocs\spp\system\Commands\Server\rewrite.php(43): require_once('C:\\xampp\\htdocs...')
#6 {main}
CRITICAL - 2023-08-26 06:06:05 --> syntax error, unexpected 'else' (T_ELSE)
#0 C:\xampp\htdocs\spp\system\Router\Router.php(175): CodeIgniter\Router\Router->autoRoute('home/dashboard')
#1 C:\xampp\htdocs\spp\system\CodeIgniter.php(726): CodeIgniter\Router\Router->handle('home/dashboard')
#2 C:\xampp\htdocs\spp\system\CodeIgniter.php(368): CodeIgniter\CodeIgniter->tryToRouteIt(Object(CodeIgniter\Router\RouteCollection))
#3 C:\xampp\htdocs\spp\system\CodeIgniter.php(326): CodeIgniter\CodeIgniter->handleRequest(NULL, Object(Config\Cache), false)
#4 C:\xampp\htdocs\spp\public\index.php(37): CodeIgniter\CodeIgniter->run()
#5 C:\xampp\htdocs\spp\system\Commands\Server\rewrite.php(43): require_once('C:\\xampp\\htdocs...')
#6 {main}
CRITICAL - 2023-08-26 06:10:36 --> syntax error, unexpected 'else' (T_ELSE)
#0 C:\xampp\htdocs\spp\system\Router\Router.php(175): CodeIgniter\Router\Router->autoRoute('home/dashboard')
#1 C:\xampp\htdocs\spp\system\CodeIgniter.php(726): CodeIgniter\Router\Router->handle('home/dashboard')
#2 C:\xampp\htdocs\spp\system\CodeIgniter.php(368): CodeIgniter\CodeIgniter->tryToRouteIt(Object(CodeIgniter\Router\RouteCollection))
#3 C:\xampp\htdocs\spp\system\CodeIgniter.php(326): CodeIgniter\CodeIgniter->handleRequest(NULL, Object(Config\Cache), false)
#4 C:\xampp\htdocs\spp\public\index.php(37): CodeIgniter\CodeIgniter->run()
#5 C:\xampp\htdocs\spp\system\Commands\Server\rewrite.php(43): require_once('C:\\xampp\\htdocs...')
#6 {main}
CRITICAL - 2023-08-26 06:16:16 --> syntax error, unexpected '...' (T_ELLIPSIS)
#0 C:\xampp\htdocs\spp\system\Router\Router.php(175): CodeIgniter\Router\Router->autoRoute('home/dashboard')
#1 C:\xampp\htdocs\spp\system\CodeIgniter.php(726): CodeIgniter\Router\Router->handle('home/dashboard')
#2 C:\xampp\htdocs\spp\system\CodeIgniter.php(368): CodeIgniter\CodeIgniter->tryToRouteIt(Object(CodeIgniter\Router\RouteCollection))
#3 C:\xampp\htdocs\spp\system\CodeIgniter.php(326): CodeIgniter\CodeIgniter->handleRequest(NULL, Object(Config\Cache), false)
#4 C:\xampp\htdocs\spp\public\index.php(37): CodeIgniter\CodeIgniter->run()
#5 C:\xampp\htdocs\spp\system\Commands\Server\rewrite.php(43): require_once('C:\\xampp\\htdocs...')
#6 {main}
CRITICAL - 2023-08-26 06:17:09 --> syntax error, unexpected '...' (T_ELLIPSIS)
#0 C:\xampp\htdocs\spp\system\Router\Router.php(175): CodeIgniter\Router\Router->autoRoute('home/dashboard')
#1 C:\xampp\htdocs\spp\system\CodeIgniter.php(726): CodeIgniter\Router\Router->handle('home/dashboard')
#2 C:\xampp\htdocs\spp\system\CodeIgniter.php(368): CodeIgniter\CodeIgniter->tryToRouteIt(Object(CodeIgniter\Router\RouteCollection))
#3 C:\xampp\htdocs\spp\system\CodeIgniter.php(326): CodeIgniter\CodeIgniter->handleRequest(NULL, Object(Config\Cache), false)
#4 C:\xampp\htdocs\spp\public\index.php(37): CodeIgniter\CodeIgniter->run()
#5 C:\xampp\htdocs\spp\system\Commands\Server\rewrite.php(43): require_once('C:\\xampp\\htdocs...')
#6 {main}
CRITICAL - 2023-08-26 06:17:10 --> syntax error, unexpected '...' (T_ELLIPSIS)
#0 C:\xampp\htdocs\spp\system\Router\Router.php(175): CodeIgniter\Router\Router->autoRoute('home/dashboard')
#1 C:\xampp\htdocs\spp\system\CodeIgniter.php(726): CodeIgniter\Router\Router->handle('home/dashboard')
#2 C:\xampp\htdocs\spp\system\CodeIgniter.php(368): CodeIgniter\CodeIgniter->tryToRouteIt(Object(CodeIgniter\Router\RouteCollection))
#3 C:\xampp\htdocs\spp\system\CodeIgniter.php(326): CodeIgniter\CodeIgniter->handleRequest(NULL, Object(Config\Cache), false)
#4 C:\xampp\htdocs\spp\public\index.php(37): CodeIgniter\CodeIgniter->run()
#5 C:\xampp\htdocs\spp\system\Commands\Server\rewrite.php(43): require_once('C:\\xampp\\htdocs...')
#6 {main}
CRITICAL - 2023-08-26 06:17:11 --> syntax error, unexpected '...' (T_ELLIPSIS)
#0 C:\xampp\htdocs\spp\system\Router\Router.php(175): CodeIgniter\Router\Router->autoRoute('home/dashboard')
#1 C:\xampp\htdocs\spp\system\CodeIgniter.php(726): CodeIgniter\Router\Router->handle('home/dashboard')
#2 C:\xampp\htdocs\spp\system\CodeIgniter.php(368): CodeIgniter\CodeIgniter->tryToRouteIt(Object(CodeIgniter\Router\RouteCollection))
#3 C:\xampp\htdocs\spp\system\CodeIgniter.php(326): CodeIgniter\CodeIgniter->handleRequest(NULL, Object(Config\Cache), false)
#4 C:\xampp\htdocs\spp\public\index.php(37): CodeIgniter\CodeIgniter->run()
#5 C:\xampp\htdocs\spp\system\Commands\Server\rewrite.php(43): require_once('C:\\xampp\\htdocs...')
#6 {main}
CRITICAL - 2023-08-26 06:17:22 --> syntax error, unexpected '...' (T_ELLIPSIS)
#0 C:\xampp\htdocs\spp\system\Router\Router.php(175): CodeIgniter\Router\Router->autoRoute('home/add_bayar_...')
#1 C:\xampp\htdocs\spp\system\CodeIgniter.php(726): CodeIgniter\Router\Router->handle('home/add_bayar_...')
#2 C:\xampp\htdocs\spp\system\CodeIgniter.php(368): CodeIgniter\CodeIgniter->tryToRouteIt(Object(CodeIgniter\Router\RouteCollection))
#3 C:\xampp\htdocs\spp\system\CodeIgniter.php(326): CodeIgniter\CodeIgniter->handleRequest(NULL, Object(Config\Cache), false)
#4 C:\xampp\htdocs\spp\public\index.php(37): CodeIgniter\CodeIgniter->run()
#5 C:\xampp\htdocs\spp\system\Commands\Server\rewrite.php(43): require_once('C:\\xampp\\htdocs...')
#6 {main}
CRITICAL - 2023-08-26 23:33:48 --> syntax error, unexpected 'endforeach' (T_ENDFOREACH)
#0 C:\xampp\htdocs\spp\system\View\View.php(213): CodeIgniter\View\View->CodeIgniter\View\{closure}()
#1 C:\xampp\htdocs\spp\system\Common.php(1089): CodeIgniter\View\View->render('invoice_spp/vie...', Array, true)
#2 C:\xampp\htdocs\spp\app\Controllers\Home.php(807): view('invoice_spp/vie...')
#3 C:\xampp\htdocs\spp\system\CodeIgniter.php(832): App\Controllers\Home->invoice()
#4 C:\xampp\htdocs\spp\system\CodeIgniter.php(419): CodeIgniter\CodeIgniter->runController(Object(App\Controllers\Home))
#5 C:\xampp\htdocs\spp\system\CodeIgniter.php(326): CodeIgniter\CodeIgniter->handleRequest(NULL, Object(Config\Cache), false)
#6 C:\xampp\htdocs\spp\public\index.php(37): CodeIgniter\CodeIgniter->run()
#7 C:\xampp\htdocs\spp\system\Commands\Server\rewrite.php(43): require_once('C:\\xampp\\htdocs...')
#8 {main}
CRITICAL - 2023-08-26 23:35:50 --> Invalid argument supplied for foreach()
#0 C:\xampp\htdocs\spp\app\Views\invoice_spp\view\invoice.php(96): CodeIgniter\Debug\Exceptions->errorHandler(2, 'Invalid argumen...', 'C:\\xampp\\htdocs...', 96, Array)
#1 C:\xampp\htdocs\spp\system\View\View.php(210): include('C:\\xampp\\htdocs...')
#2 C:\xampp\htdocs\spp\system\View\View.php(213): CodeIgniter\View\View->CodeIgniter\View\{closure}()
#3 C:\xampp\htdocs\spp\system\Common.php(1089): CodeIgniter\View\View->render('invoice_spp/vie...', Array, true)
#4 C:\xampp\htdocs\spp\app\Controllers\Home.php(807): view('invoice_spp/vie...')
#5 C:\xampp\htdocs\spp\system\CodeIgniter.php(832): App\Controllers\Home->invoice()
#6 C:\xampp\htdocs\spp\system\CodeIgniter.php(419): CodeIgniter\CodeIgniter->runController(Object(App\Controllers\Home))
#7 C:\xampp\htdocs\spp\system\CodeIgniter.php(326): CodeIgniter\CodeIgniter->handleRequest(NULL, Object(Config\Cache), false)
#8 C:\xampp\htdocs\spp\public\index.php(37): CodeIgniter\CodeIgniter->run()
#9 C:\xampp\htdocs\spp\system\Commands\Server\rewrite.php(43): require_once('C:\\xampp\\htdocs...')
#10 {main}
